#
# There is insufficient memory for the Java Runtime Environment to continue.
# Native memory allocation (mmap) failed to map 77594624 bytes for committing reserved memory.
# Possible reasons:
#   The system is out of physical RAM or swap space
#   In 32 bit mode, the process size limit was hit
# Possible solutions:
#   Reduce memory load on the system
#   Increase physical memory or swap space
#   Check if swap backing store is full
#   Use 64 bit Java on a 64 bit OS
#   Decrease Java heap size (-Xmx/-Xms)
#   Decrease number of Java threads
#   Decrease Java thread stack sizes (-Xss)
#   Set larger code cache with -XX:ReservedCodeCacheSize=
# This output file may be truncated or incomplete.
#
#  Out of Memory Error (os_linux.cpp:2640), pid=4762, tid=0x00007f0a98dfd700
#
# JRE version: OpenJDK Runtime Environment (8.0_152-b01) (build 1.8.0_152-release-915-b01)
# Java VM: OpenJDK 64-Bit Server VM (25.152-b01 mixed mode linux-amd64 compressed oops)
# Failed to write core dump. Core dumps have been disabled. To enable core dumping, try "ulimit -c unlimited" before starting Java again
#

---------------  T H R E A D  ---------------

Current thread (0x00007f0ab0078000):  VMThread [stack: 0x00007f0a98cfd000,0x00007f0a98dfe000] [id=4770]

Stack: [0x00007f0a98cfd000,0x00007f0a98dfe000],  sp=0x00007f0a98dfc4c0,  free space=1021k
Native frames: (J=compiled Java code, j=interpreted, Vv=VM code, C=native code)
V  [libjvm.so+0x9eb15d]  VMError::report_and_die()+0x15d
V  [libjvm.so+0x4b8eaa]  report_vm_out_of_memory(char const*, int, unsigned long, VMErrorType, char const*)+0x8a
V  [libjvm.so+0x851370]  os::pd_commit_memory(char*, unsigned long, unsigned long, bool)+0xf0
V  [libjvm.so+0x84be8f]  os::commit_memory(char*, unsigned long, unsigned long, bool)+0x1f
V  [libjvm.so+0x8c261b]  PSVirtualSpace::expand_by(unsigned long)+0x5b
V  [libjvm.so+0x8c3290]  PSYoungGen::resize_generation(unsigned long, unsigned long)+0xb0
V  [libjvm.so+0x8c35ab]  PSYoungGen::resize(unsigned long, unsigned long)+0x1b
V  [libjvm.so+0x8bfc9c]  PSScavenge::invoke_no_policy()+0xdac
V  [libjvm.so+0x8c0478]  PSScavenge::invoke()+0x38
V  [libjvm.so+0x8748f3]  ParallelScavengeHeap::failed_mem_allocate(unsigned long)+0x63
V  [libjvm.so+0x9ecc84]  VM_ParallelGCFailedAllocation::doit()+0x84
V  [libjvm.so+0x9f1197]  VM_Operation::evaluate()+0x47
V  [libjvm.so+0x9efb78]  VMThread::evaluate_operation(VM_Operation*)+0x2c8
V  [libjvm.so+0x9efff9]  VMThread::loop()+0x219
V  [libjvm.so+0x9f0442]  VMThread::run()+0x72
V  [libjvm.so+0x84e792]  java_start(Thread*)+0xf2

VM_Operation (0x00007f0a62189420): ParallelGCFailedAllocation, mode: safepoint, requested by thread 0x00007f0a2808b000


---------------  P R O C E S S  ---------------

Java Threads: ( => current thread )
  0x00007f0a94080800 JavaThread "Cache worker for Java compile cache (/home/sudhanshu/AndroidStudioProjects/JustJava/.gradle/4.1/javaCompile)" [_thread_blocked, id=5284, stack(0x00007f0a62ceb000,0x00007f0a62dec000)]
  0x00007f0a2808b000 JavaThread "Task worker for ':' Thread 3" [_thread_blocked, id=5283, stack(0x00007f0a6208d000,0x00007f0a6218e000)]
  0x00007f0a2808a000 JavaThread "Task worker for ':' Thread 2" [_thread_blocked, id=5282, stack(0x00007f0a636f1000,0x00007f0a637f2000)]
  0x00007f0a28089000 JavaThread "Task worker for ':'" [_thread_blocked, id=5281, stack(0x00007f0a1b5f8000,0x00007f0a1b6f9000)]
  0x00007f0a28123000 JavaThread "Cache worker for task history cache (/home/sudhanshu/AndroidStudioProjects/JustJava/.gradle/4.1/taskHistory)" [_thread_blocked, id=5280, stack(0x00007f0a1b1f4000,0x00007f0a1b2f5000)]
  0x00007f0a280de800 JavaThread "Cache worker for file content cache (/home/sudhanshu/AndroidStudioProjects/JustJava/.gradle/4.1/fileContent)" [_thread_blocked, id=5279, stack(0x00007f0a637f2000,0x00007f0a638f3000)]
  0x00007f0a280de000 JavaThread "build operations Thread 4" [_thread_blocked, id=5278, stack(0x00007f0a635f0000,0x00007f0a636f1000)]
  0x00007f0a2807b800 JavaThread "build operations Thread 3" [_thread_blocked, id=5277, stack(0x00007f0a1b6f9000,0x00007f0a1b7fa000)]
  0x00007f0a28078800 JavaThread "build operations Thread 2" [_thread_blocked, id=5276, stack(0x00007f0a1b0f3000,0x00007f0a1b1f4000)]
  0x00007f0a280c3000 JavaThread "build operations" [_thread_blocked, id=5275, stack(0x00007f0a1adb7000,0x00007f0a1aeb8000)]
  0x00007f0a280ca800 JavaThread "Cache worker for Artifact transforms cache (/home/sudhanshu/.gradle/caches/transforms-1)" [_thread_blocked, id=5274, stack(0x00007f0a1acb6000,0x00007f0a1adb7000)]
  0x00007f0a28084800 JavaThread "Cache worker for file hash cache (/home/sudhanshu/AndroidStudioProjects/JustJava/.gradle/4.1/fileHashes)" [_thread_blocked, id=5273, stack(0x00007f0a1aeb8000,0x00007f0a1afb9000)]
  0x00007f0a2805e000 JavaThread "Stdin handler" [_thread_blocked, id=5272, stack(0x00007f0a61c8b000,0x00007f0a61d8c000)]
  0x00007f0a280be000 JavaThread "Asynchronous log dispatcher for DefaultDaemonConnection: socket connection from /127.0.0.1:46607 to /127.0.0.1:35642" [_thread_blocked, id=5269, stack(0x00007f0a1beff000,0x00007f0a1c000000)]
  0x00007f0a58006800 JavaThread "Cancel handler" [_thread_blocked, id=5268, stack(0x00007f0a1aff2000,0x00007f0a1b0f3000)]
  0x00007f0a5800b800 JavaThread "Handler for socket connection from /127.0.0.1:46607 to /127.0.0.1:35642" [_thread_in_native, id=5267, stack(0x00007f0a1b7fa000,0x00007f0a1b8fb000)]
  0x00007f0a5800a800 JavaThread "Daemon worker Thread 3" [_thread_blocked, id=5188, stack(0x00007f0a1b8fb000,0x00007f0a1b9fc000)]
  0x00007f0a5c01a800 JavaThread "Daemon Thread 3" [_thread_blocked, id=5184, stack(0x00007f0a638f3000,0x00007f0a639f4000)]
  0x00007f0a44caa000 JavaThread "Memory manager" [_thread_blocked, id=4805, stack(0x00007f0a60fc5000,0x00007f0a610c6000)]
  0x00007f0a441ec800 JavaThread "File lock request listener" [_thread_in_native, id=4796, stack(0x00007f0a62fec000,0x00007f0a630ed000)]
  0x00007f0a441f9800 JavaThread "Cache worker for file hash cache (/home/sudhanshu/.gradle/caches/4.1/fileHashes)" [_thread_blocked, id=4795, stack(0x00007f0a630ed000,0x00007f0a631ee000)]
  0x00007f0ab0c9e800 JavaThread "Daemon periodic checks" [_thread_blocked, id=4786, stack(0x00007f0a639f4000,0x00007f0a63af5000)]
  0x00007f0ab0c89000 JavaThread "Incoming local TCP Connector on port 46607" [_thread_in_native, id=4785, stack(0x00007f0a63af5000,0x00007f0a63bf6000)]
  0x00007f0ab00c8800 JavaThread "Service Thread" daemon [_thread_blocked, id=4777, stack(0x00007f0a9831e000,0x00007f0a9841f000)]
  0x00007f0ab00bd000 JavaThread "C1 CompilerThread2" daemon [_thread_blocked, id=4776, stack(0x00007f0a9841f000,0x00007f0a98520000)]
  0x00007f0ab00bb800 JavaThread "C2 CompilerThread1" daemon [_thread_blocked, id=4775, stack(0x00007f0a98520000,0x00007f0a98621000)]
  0x00007f0ab00b8800 JavaThread "C2 CompilerThread0" daemon [_thread_blocked, id=4774, stack(0x00007f0a98621000,0x00007f0a98722000)]
  0x00007f0ab00b4800 JavaThread "Signal Dispatcher" daemon [_thread_blocked, id=4773, stack(0x00007f0a98722000,0x00007f0a98823000)]
  0x00007f0ab0084800 JavaThread "Finalizer" daemon [_thread_blocked, id=4772, stack(0x00007f0a98afb000,0x00007f0a98bfc000)]
  0x00007f0ab0080000 JavaThread "Reference Handler" daemon [_thread_blocked, id=4771, stack(0x00007f0a98bfc000,0x00007f0a98cfd000)]
  0x00007f0ab000a800 JavaThread "main" [_thread_blocked, id=4765, stack(0x00007f0ab8631000,0x00007f0ab8732000)]

Other Threads:
=>0x00007f0ab0078000 VMThread [stack: 0x00007f0a98cfd000,0x00007f0a98dfe000] [id=4770]
  0x00007f0ab00ca800 WatcherThread [stack: 0x00007f0a9821d000,0x00007f0a9831e000] [id=4778]

VM state:at safepoint (normal execution)

VM Mutex/Monitor currently owned by a thread:  ([mutex/lock_event])
[0x00007f0ab0006fd0] Threads_lock - owner thread: 0x00007f0ab0078000
[0x00007f0ab00074d0] Heap_lock - owner thread: 0x00007f0a2808b000

Heap:
 PSYoungGen      total 426496K, used 6969K [0x00000000e0000000, 0x00000000fb600000, 0x0000000100000000)
  eden space 404480K, 0% used [0x00000000e0000000,0x00000000e0000000,0x00000000f8b00000)
  from space 22016K, 31% used [0x00000000f8b00000,0x00000000f91ce678,0x00000000fa080000)
  to   space 19456K, 0% used [0x00000000fa300000,0x00000000fa300000,0x00000000fb600000)
 ParOldGen       total 112640K, used 51133K [0x00000000a0000000, 0x00000000a6e00000, 0x00000000e0000000)
  object space 112640K, 45% used [0x00000000a0000000,0x00000000a31ef440,0x00000000a6e00000)
 Metaspace       used 74039K, capacity 77470K, committed 77528K, reserved 1116160K
  class space    used 9417K, capacity 10198K, committed 10240K, reserved 1048576K

Card table byte_map: [0x00007f0ab51b9000,0x00007f0ab54ba000] byte_map_base: 0x00007f0ab4cb9000

Marking Bits: (ParMarkBitMap*) 0x00007f0ab7afd3e0
 Begin Bits: [0x00007f0a99000000, 0x00007f0a9a800000)
 End Bits:   [0x00007f0a9a800000, 0x00007f0a9c000000)

Polling page: 0x00007f0ab8751000

CodeCache: size=245760Kb used=41994Kb max_used=42028Kb free=203765Kb
 bounds [0x00007f0aa1000000, 0x00007f0aa3950000, 0x00007f0ab0000000]
 total_blobs=13760 nmethods=12926 adapters=747
 compilation: enabled

Compilation events (10 events):
Event: 838.099 Thread 0x00007f0ab00bd000 16185       3       com.sun.tools.javac.jvm.ClassReader::access$000 (6 bytes)
Event: 838.100 Thread 0x00007f0ab00bd000 nmethod 16185 0x00007f0aa2283f90 code [0x00007f0aa2284100, 0x00007f0aa2284268]
Event: 838.209 Thread 0x00007f0ab00bb800 16186   !   4       com.sun.tools.javac.file.ZipFileIndex::checkIndex (140 bytes)
Event: 838.480 Thread 0x00007f0ab00bd000 16187       3       com.sun.tools.javac.file.ZipFileIndex$DirectoryEntry::getFiles (75 bytes)
Event: 838.483 Thread 0x00007f0ab00bd000 nmethod 16187 0x00007f0aa2282ed0 code [0x00007f0aa22830e0, 0x00007f0aa2283b08]
Event: 838.612 Thread 0x00007f0ab00bd000 16188 %     3       com.sun.tools.javac.util.Name::lastIndexOf @ 18 (42 bytes)
Event: 838.613 Thread 0x00007f0ab00b8800 16190       4       com.sun.tools.javac.util.BaseFileManager::getKind (55 bytes)
Event: 839.883 Thread 0x00007f0ab00bd000 nmethod 16188% 0x00007f0aa2282650 code [0x00007f0aa2282800, 0x00007f0aa2282d08]
Event: 839.883 Thread 0x00007f0ab00bd000 16189       3       com.sun.tools.javac.tree.JCTree$JCFieldAccess::getTag (4 bytes)
Event: 839.884 Thread 0x00007f0ab00bd000 nmethod 16189 0x00007f0aa393fad0 code [0x00007f0aa393fc40, 0x00007f0aa393fd90]

GC Heap History (10 events):
Event: 72.191 GC heap after
Heap after GC invocations=20 (full 3):
 PSYoungGen      total 273920K, used 160K [0x00000000e0000000, 0x00000000f6c80000, 0x0000000100000000)
  eden space 249344K, 0% used [0x00000000e0000000,0x00000000e0000000,0x00000000ef380000)
  from space 24576K, 0% used [0x00000000ef380000,0x00000000ef3a8000,0x00000000f0b80000)
  to   space 24576K, 0% used [0x00000000f5480000,0x00000000f5480000,0x00000000f6c80000)
 ParOldGen       total 82944K, used 65939K [0x00000000a0000000, 0x00000000a5100000, 0x00000000e0000000)
  object space 82944K, 79% used [0x00000000a0000000,0x00000000a4064db0,0x00000000a5100000)
 Metaspace       used 65729K, capacity 67840K, committed 68056K, reserved 1107968K
  class space    used 8649K, capacity 9167K, committed 9216K, reserved 1048576K
}
Event: 164.331 GC heap before
{Heap before GC invocations=21 (full 3):
 PSYoungGen      total 273920K, used 249504K [0x00000000e0000000, 0x00000000f6c80000, 0x0000000100000000)
  eden space 249344K, 100% used [0x00000000e0000000,0x00000000ef380000,0x00000000ef380000)
  from space 24576K, 0% used [0x00000000ef380000,0x00000000ef3a8000,0x00000000f0b80000)
  to   space 24576K, 0% used [0x00000000f5480000,0x00000000f5480000,0x00000000f6c80000)
 ParOldGen       total 82944K, used 65939K [0x00000000a0000000, 0x00000000a5100000, 0x00000000e0000000)
  object space 82944K, 79% used [0x00000000a0000000,0x00000000a4064db0,0x00000000a5100000)
 Metaspace       used 71696K, capacity 74608K, committed 74712K, reserved 1114112K
  class space    used 9279K, capacity 9937K, committed 9984K, reserved 1048576K
Event: 164.382 GC heap after
Heap after GC invocations=21 (full 3):
 PSYoungGen      total 336384K, used 11543K [0x00000000e0000000, 0x00000000f6600000, 0x0000000100000000)
  eden space 318464K, 0% used [0x00000000e0000000,0x00000000e0000000,0x00000000f3700000)
  from space 17920K, 64% used [0x00000000f5480000,0x00000000f5fc5c38,0x00000000f6600000)
  to   space 24064K, 0% used [0x00000000f3700000,0x00000000f3700000,0x00000000f4e80000)
 ParOldGen       total 82944K, used 65979K [0x00000000a0000000, 0x00000000a5100000, 0x00000000e0000000)
  object space 82944K, 79% used [0x00000000a0000000,0x00000000a406edb0,0x00000000a5100000)
 Metaspace       used 71696K, capacity 74608K, committed 74712K, reserved 1114112K
  class space    used 9279K, capacity 9937K, committed 9984K, reserved 1048576K
}
Event: 169.773 GC heap before
{Heap before GC invocations=22 (full 3):
 PSYoungGen      total 336384K, used 330007K [0x00000000e0000000, 0x00000000f6600000, 0x0000000100000000)
  eden space 318464K, 100% used [0x00000000e0000000,0x00000000f3700000,0x00000000f3700000)
  from space 17920K, 64% used [0x00000000f5480000,0x00000000f5fc5c38,0x00000000f6600000)
  to   space 24064K, 0% used [0x00000000f3700000,0x00000000f3700000,0x00000000f4e80000)
 ParOldGen       total 82944K, used 65979K [0x00000000a0000000, 0x00000000a5100000, 0x00000000e0000000)
  object space 82944K, 79% used [0x00000000a0000000,0x00000000a406edb0,0x00000000a5100000)
 Metaspace       used 72251K, capacity 75250K, committed 75480K, reserved 1114112K
  class space    used 9307K, capacity 9978K, committed 9984K, reserved 1048576K
Event: 169.962 GC heap after
Heap after GC invocations=22 (full 3):
 PSYoungGen      total 342528K, used 9280K [0x00000000e0000000, 0x00000000fb980000, 0x0000000100000000)
  eden space 318464K, 0% used [0x00000000e0000000,0x00000000e0000000,0x00000000f3700000)
  from space 24064K, 38% used [0x00000000f3700000,0x00000000f40100a8,0x00000000f4e80000)
  to   space 23040K, 0% used [0x00000000fa300000,0x00000000fa300000,0x00000000fb980000)
 ParOldGen       total 82944K, used 73631K [0x00000000a0000000, 0x00000000a5100000, 0x00000000e0000000)
  object space 82944K, 88% used [0x00000000a0000000,0x00000000a47e7f78,0x00000000a5100000)
 Metaspace       used 72251K, capacity 75250K, committed 75480K, reserved 1114112K
  class space    used 9307K, capacity 9978K, committed 9984K, reserved 1048576K
}
Event: 169.962 GC heap before
{Heap before GC invocations=23 (full 4):
 PSYoungGen      total 342528K, used 9280K [0x00000000e0000000, 0x00000000fb980000, 0x0000000100000000)
  eden space 318464K, 0% used [0x00000000e0000000,0x00000000e0000000,0x00000000f3700000)
  from space 24064K, 38% used [0x00000000f3700000,0x00000000f40100a8,0x00000000f4e80000)
  to   space 23040K, 0% used [0x00000000fa300000,0x00000000fa300000,0x00000000fb980000)
 ParOldGen       total 82944K, used 73631K [0x00000000a0000000, 0x00000000a5100000, 0x00000000e0000000)
  object space 82944K, 88% used [0x00000000a0000000,0x00000000a47e7f78,0x00000000a5100000)
 Metaspace       used 72251K, capacity 75250K, committed 75480K, reserved 1114112K
  class space    used 9307K, capacity 9978K, committed 9984K, reserved 1048576K
Event: 170.424 GC heap after
Heap after GC invocations=23 (full 4):
 PSYoungGen      total 342528K, used 0K [0x00000000e0000000, 0x00000000fb980000, 0x0000000100000000)
  eden space 318464K, 0% used [0x00000000e0000000,0x00000000e0000000,0x00000000f3700000)
  from space 24064K, 0% used [0x00000000f3700000,0x00000000f3700000,0x00000000f4e80000)
  to   space 23040K, 0% used [0x00000000fa300000,0x00000000fa300000,0x00000000fb980000)
 ParOldGen       total 112640K, used 50204K [0x00000000a0000000, 0x00000000a6e00000, 0x00000000e0000000)
  object space 112640K, 44% used [0x00000000a0000000,0x00000000a31073a0,0x00000000a6e00000)
 Metaspace       used 72227K, capacity 75194K, committed 75480K, reserved 1114112K
  class space    used 9298K, capacity 9962K, committed 9984K, reserved 1048576K
}
Event: 176.140 GC heap before
{Heap before GC invocations=24 (full 4):
 PSYoungGen      total 342528K, used 318236K [0x00000000e0000000, 0x00000000fb980000, 0x0000000100000000)
  eden space 318464K, 99% used [0x00000000e0000000,0x00000000f36c7368,0x00000000f3700000)
  from space 24064K, 0% used [0x00000000f3700000,0x00000000f3700000,0x00000000f4e80000)
  to   space 23040K, 0% used [0x00000000fa300000,0x00000000fa300000,0x00000000fb980000)
 ParOldGen       total 112640K, used 50204K [0x00000000a0000000, 0x00000000a6e00000, 0x00000000e0000000)
  object space 112640K, 44% used [0x00000000a0000000,0x00000000a31073a0,0x00000000a6e00000)
 Metaspace       used 72694K, capacity 75670K, committed 75864K, reserved 1116160K
  class space    used 9333K, capacity 10004K, committed 10112K, reserved 1048576K
Event: 176.155 GC heap after
Heap after GC invocations=24 (full 4):
 PSYoungGen      total 423936K, used 5123K [0x00000000e0000000, 0x00000000fb600000, 0x0000000100000000)
  eden space 404480K, 0% used [0x00000000e0000000,0x00000000e0000000,0x00000000f8b00000)
  from space 19456K, 26% used [0x00000000fa300000,0x00000000fa800f88,0x00000000fb600000)
  to   space 22016K, 0% used [0x00000000f8b00000,0x00000000f8b00000,0x00000000fa080000)
 ParOldGen       total 112640K, used 50212K [0x00000000a0000000, 0x00000000a6e00000, 0x00000000e0000000)
  object space 112640K, 44% used [0x00000000a0000000,0x00000000a31093a0,0x00000000a6e00000)
 Metaspace       used 72694K, capacity 75670K, committed 75864K, reserved 1116160K
  class space    used 9333K, capacity 10004K, committed 10112K, reserved 1048576K
}
Event: 840.020 GC heap before
{Heap before GC invocations=25 (full 4):
 PSYoungGen      total 423936K, used 409603K [0x00000000e0000000, 0x00000000fb600000, 0x0000000100000000)
  eden space 404480K, 99% used [0x00000000e0000000,0x00000000f8affee0,0x00000000f8b00000)
  from space 19456K, 26% used [0x00000000fa300000,0x00000000fa800f88,0x00000000fb600000)
  to   space 22016K, 0% used [0x00000000f8b00000,0x00000000f8b00000,0x00000000fa080000)
 ParOldGen       total 112640K, used 50212K [0x00000000a0000000, 0x00000000a6e00000, 0x00000000e0000000)
  object space 112640K, 44% used [0x00000000a0000000,0x00000000a31093a0,0x00000000a6e00000)
 Metaspace       used 74039K, capacity 77470K, committed 77528K, reserved 1116160K
  class space    used 9417K, capacity 10198K, committed 10240K, reserved 1048576K

Deoptimization events (10 events):
Event: 757.362 Thread 0x00007f0a280c0000 Uncommon trap: reason=unstable_if action=reinterpret pc=0x00007f0aa13a6548 method=java.util.concurrent.locks.AbstractQueuedSynchronizer.acquire(I)V @ 20
Event: 757.638 Thread 0x00007f0a5800b800 Uncommon trap: reason=unstable_if action=reinterpret pc=0x00007f0aa1c44b9c method=com.esotericsoftware.kryo.io.Input.require(I)I @ 117
Event: 810.561 Thread 0x00007f0a5800a800 Uncommon trap: reason=speculate_class_check action=maybe_recompile pc=0x00007f0aa1e54520 method=java.nio.charset.CharsetEncoder.encode(Ljava/nio/CharBuffer;Ljava/nio/ByteBuffer;Z)Ljava/nio/charset/CoderResult; @ 57
Event: 810.591 Thread 0x00007f0a5800a800 Uncommon trap: reason=unstable_if action=reinterpret pc=0x00007f0aa1fdf170 method=org.objectweb.asm.ByteVector.putInt(I)Lorg/objectweb/asm/ByteVector; @ 13
Event: 810.594 Thread 0x00007f0a5800a800 Uncommon trap: reason=speculate_class_check action=maybe_recompile pc=0x00007f0aa1e54520 method=java.nio.charset.CharsetEncoder.encode(Ljava/nio/CharBuffer;Ljava/nio/ByteBuffer;Z)Ljava/nio/charset/CoderResult; @ 57
Event: 810.619 Thread 0x00007f0a5800a800 Uncommon trap: reason=array_check action=maybe_recompile pc=0x00007f0aa23bc050 method=java.util.ComparableTimSort.reverseRange([Ljava/lang/Object;II)V @ 20
Event: 817.527 Thread 0x00007f0a28089000 Uncommon trap: reason=array_check action=maybe_recompile pc=0x00007f0aa3735b90 method=java.util.TimSort.reverseRange([Ljava/lang/Object;II)V @ 20
Event: 817.565 Thread 0x00007f0a28089000 Uncommon trap: reason=array_check action=maybe_recompile pc=0x00007f0aa3735b90 method=java.util.TimSort.reverseRange([Ljava/lang/Object;II)V @ 20
Event: 818.115 Thread 0x00007f0a28089000 Uncommon trap: reason=array_check action=maybe_recompile pc=0x00007f0aa3735b90 method=java.util.TimSort.reverseRange([Ljava/lang/Object;II)V @ 20
Event: 818.352 Thread 0x00007f0a2808a000 Uncommon trap: reason=bimorphic action=maybe_recompile pc=0x00007f0aa25e31fc method=com.google.common.cache.LocalCache$Segment.storeLoadedValue(Ljava/lang/Object;ILcom/google/common/cache/LocalCache$LoadingValueReference;Ljava/lang/Object;)Z @ 286

Classes redefined (0 events):
No events

Internal exceptions (10 events):
Event: 800.173 Thread 0x00007f0a44caa000 Exception <a 'java/io/IOException'> (0x00000000f3a16710) thrown at [/ssd/Android/AOSP-openjdk-git/jdk8u/hotspot/src/share/vm/prims/jni.cpp, line 709]
Event: 805.173 Thread 0x00007f0a44caa000 Exception <a 'java/io/IOException'> (0x00000000f3a21788) thrown at [/ssd/Android/AOSP-openjdk-git/jdk8u/hotspot/src/share/vm/prims/jni.cpp, line 709]
Event: 810.173 Thread 0x00007f0a44caa000 Exception <a 'java/io/IOException'> (0x00000000f3a2a7c8) thrown at [/ssd/Android/AOSP-openjdk-git/jdk8u/hotspot/src/share/vm/prims/jni.cpp, line 709]
Event: 810.622 Thread 0x00007f0a5800a800 Exception <a 'java/lang/ClassNotFoundException': sync_local_repo60_au1qwpsy2vdc33a2v4zh1kug4BeanInfo> (0x00000000f3e75858) thrown at [/ssd/Android/AOSP-openjdk-git/jdk8u/hotspot/src/share/vm/classfile/systemDictionary.cpp, line 210]
Event: 810.622 Thread 0x00007f0a5800a800 Exception <a 'java/lang/ClassNotFoundException': sync_local_repo60_au1qwpsy2vdc33a2v4zh1kug4Customizer> (0x00000000f3e800d8) thrown at [/ssd/Android/AOSP-openjdk-git/jdk8u/hotspot/src/share/vm/classfile/systemDictionary.cpp, line 210]
Event: 815.173 Thread 0x00007f0a44caa000 Exception <a 'java/io/IOException'> (0x00000000f3c80590) thrown at [/ssd/Android/AOSP-openjdk-git/jdk8u/hotspot/src/share/vm/prims/jni.cpp, line 709]
Event: 821.863 Thread 0x00007f0a44caa000 Exception <a 'java/io/IOException'> (0x00000000f3c84bc8) thrown at [/ssd/Android/AOSP-openjdk-git/jdk8u/hotspot/src/share/vm/prims/jni.cpp, line 709]
Event: 826.538 Thread 0x00007f0a44caa000 Exception <a 'java/io/IOException'> (0x00000000f87bcc70) thrown at [/ssd/Android/AOSP-openjdk-git/jdk8u/hotspot/src/share/vm/prims/jni.cpp, line 709]
Event: 830.173 Thread 0x00007f0a44caa000 Exception <a 'java/io/IOException'> (0x00000000f87c32b8) thrown at [/ssd/Android/AOSP-openjdk-git/jdk8u/hotspot/src/share/vm/prims/jni.cpp, line 709]
Event: 836.987 Thread 0x00007f0a44caa000 Exception <a 'java/io/IOException'> (0x00000000f88c7e90) thrown at [/ssd/Android/AOSP-openjdk-git/jdk8u/hotspot/src/share/vm/prims/jni.cpp, line 709]

Events (10 events):
Event: 832.185 Executing VM operation: RevokeBias done
Event: 835.394 Executing VM operation: RevokeBias
Event: 835.949 Executing VM operation: RevokeBias done
Event: 836.044 Executing VM operation: RevokeBias
Event: 836.045 Executing VM operation: RevokeBias done
Event: 836.950 Executing VM operation: RevokeBias
Event: 836.987 Executing VM operation: RevokeBias done
Event: 837.194 Executing VM operation: RevokeBias
Event: 837.195 Executing VM operation: RevokeBias done
Event: 840.020 Executing VM operation: ParallelGCFailedAllocation


Dynamic libraries:
00400000-00401000 r-xp 00000000 08:06 5117079                            /home/sudhanshu/Downloads/android-studio/jre/bin/java
00600000-00601000 r--p 00000000 08:06 5117079                            /home/sudhanshu/Downloads/android-studio/jre/bin/java
00601000-00602000 rw-p 00001000 08:06 5117079                            /home/sudhanshu/Downloads/android-studio/jre/bin/java
00d13000-00d56000 rw-p 00000000 00:00 0                                  [heap]
a0000000-a6e00000 rw-p 00000000 00:00 0 
a6e00000-e0000000 ---p 00000000 00:00 0 
e0000000-fb600000 rw-p 00000000 00:00 0 
100000000-100a00000 rw-p 00000000 00:00 0 
100a00000-140000000 ---p 00000000 00:00 0 
7f0a1927d000-7f0a19280000 ---p 00000000 00:00 0 
7f0a19280000-7f0a1937e000 rw-p 00000000 00:00 0 
7f0a1937e000-7f0a19381000 ---p 00000000 00:00 0 
7f0a19381000-7f0a1947f000 rw-p 00000000 00:00 0 
7f0a1947f000-7f0a19482000 ---p 00000000 00:00 0 
7f0a19482000-7f0a19740000 rw-p 00000000 00:00 0 
7f0a19740000-7f0a19783000 ---p 00000000 00:00 0 
7f0a19783000-7f0a19881000 rw-p 00000000 00:00 0 
7f0a19881000-7f0a19884000 ---p 00000000 00:00 0 
7f0a19884000-7f0a19982000 rw-p 00000000 00:00 0 
7f0a19982000-7f0a19985000 ---p 00000000 00:00 0 
7f0a19985000-7f0a19c83000 rw-p 00000000 00:00 0 
7f0a19c83000-7f0a19e83000 rw-p 00000000 00:00 0 
7f0a19e83000-7f0a1a083000 rw-p 00000000 00:00 0 
7f0a1a083000-7f0a1a0a2000 r--s 0053d000 08:06 4718895                    /home/sudhanshu/.gradle/caches/jars-3/07dcf2f3f2bda71869cda3f75be96a82/sdk-tools.jar
7f0a1a0a2000-7f0a1a2a2000 rw-p 00000000 00:00 0 
7f0a1a2b4000-7f0a1a2b7000 ---p 00000000 00:00 0 
7f0a1a2b7000-7f0a1a3b5000 rw-p 00000000 00:00 0 
7f0a1a3b5000-7f0a1a3b8000 ---p 00000000 00:00 0 
7f0a1a3b8000-7f0a1a6b6000 rw-p 00000000 00:00 0 
7f0a1a6b6000-7f0a1a8b6000 rw-p 00000000 00:00 0 
7f0a1a8b6000-7f0a1aab6000 rw-p 00000000 00:00 0 
7f0a1aab6000-7f0a1acb6000 rw-p 00000000 00:00 0 
7f0a1acb6000-7f0a1acb9000 ---p 00000000 00:00 0 
7f0a1acb9000-7f0a1adb7000 rw-p 00000000 00:00 0 
7f0a1adb7000-7f0a1adba000 ---p 00000000 00:00 0 
7f0a1adba000-7f0a1aeb8000 rw-p 00000000 00:00 0 
7f0a1aeb8000-7f0a1aebb000 ---p 00000000 00:00 0 
7f0a1aebb000-7f0a1afb9000 rw-p 00000000 00:00 0 
7f0a1afb9000-7f0a1afbc000 ---p 00000000 00:00 0 
7f0a1afbc000-7f0a1aff2000 rw-p 00000000 00:00 0 
7f0a1aff2000-7f0a1aff5000 ---p 00000000 00:00 0 
7f0a1aff5000-7f0a1b0f3000 rw-p 00000000 00:00 0 
7f0a1b0f3000-7f0a1b0f6000 ---p 00000000 00:00 0 
7f0a1b0f6000-7f0a1b1f4000 rw-p 00000000 00:00 0 
7f0a1b1f4000-7f0a1b1f7000 ---p 00000000 00:00 0 
7f0a1b1f7000-7f0a1b2f5000 rw-p 00000000 00:00 0 
7f0a1b2f5000-7f0a1b2f8000 ---p 00000000 00:00 0 
7f0a1b2f8000-7f0a1b3f6000 rw-p 00000000 00:00 0 
7f0a1b3f6000-7f0a1b3f9000 ---p 00000000 00:00 0 
7f0a1b3f9000-7f0a1b4f7000 rw-p 00000000 00:00 0 
7f0a1b4f7000-7f0a1b4fa000 ---p 00000000 00:00 0 
7f0a1b4fa000-7f0a1b5f8000 rw-p 00000000 00:00 0 
7f0a1b5f8000-7f0a1b5fb000 ---p 00000000 00:00 0 
7f0a1b5fb000-7f0a1b6f9000 rw-p 00000000 00:00 0 
7f0a1b6f9000-7f0a1b6fc000 ---p 00000000 00:00 0 
7f0a1b6fc000-7f0a1b7fa000 rw-p 00000000 00:00 0 
7f0a1b7fa000-7f0a1b7fd000 ---p 00000000 00:00 0 
7f0a1b7fd000-7f0a1b8fb000 rw-p 00000000 00:00 0 
7f0a1b8fb000-7f0a1b8fe000 ---p 00000000 00:00 0 
7f0a1b8fe000-7f0a1bbfc000 rw-p 00000000 00:00 0 
7f0a1bbfc000-7f0a1bbff000 ---p 00000000 00:00 0 
7f0a1bbff000-7f0a1bcfd000 rw-p 00000000 00:00 0 
7f0a1bcfd000-7f0a1bd00000 ---p 00000000 00:00 0 
7f0a1bd00000-7f0a1bdfe000 rw-p 00000000 00:00 0 
7f0a1bdfe000-7f0a1be01000 ---p 00000000 00:00 0 
7f0a1be01000-7f0a1beff000 rw-p 00000000 00:00 0 
7f0a1beff000-7f0a1bf02000 ---p 00000000 00:00 0 
7f0a1bf02000-7f0a1c000000 rw-p 00000000 00:00 0 
7f0a1c000000-7f0a1c106000 rw-p 00000000 00:00 0 
7f0a1c106000-7f0a20000000 ---p 00000000 00:00 0 
7f0a20000000-7f0a200ae000 rw-p 00000000 00:00 0 
7f0a200ae000-7f0a24000000 ---p 00000000 00:00 0 
7f0a24000000-7f0a240b8000 rw-p 00000000 00:00 0 
7f0a240b8000-7f0a28000000 ---p 00000000 00:00 0 
7f0a28000000-7f0a281a3000 rw-p 00000000 00:00 0 
7f0a281a3000-7f0a2c000000 ---p 00000000 00:00 0 
7f0a2c000000-7f0a2c1a5000 rw-p 00000000 00:00 0 
7f0a2c1a5000-7f0a30000000 ---p 00000000 00:00 0 
7f0a30000000-7f0a3039a000 rw-p 00000000 00:00 0 
7f0a3039a000-7f0a34000000 ---p 00000000 00:00 0 
7f0a34000000-7f0a34155000 rw-p 00000000 00:00 0 
7f0a34155000-7f0a38000000 ---p 00000000 00:00 0 
7f0a38000000-7f0a388a7000 rw-p 00000000 00:00 0 
7f0a388a7000-7f0a3c000000 ---p 00000000 00:00 0 
7f0a3c000000-7f0a3c0c6000 rw-p 00000000 00:00 0 
7f0a3c0c6000-7f0a40000000 ---p 00000000 00:00 0 
7f0a40000000-7f0a40052000 rw-p 00000000 00:00 0 
7f0a40052000-7f0a44000000 ---p 00000000 00:00 0 
7f0a44000000-7f0a4551d000 rw-p 00000000 00:00 0 
7f0a4551d000-7f0a48000000 ---p 00000000 00:00 0 
7f0a48000000-7f0a48898000 rw-p 00000000 00:00 0 
7f0a48898000-7f0a4c000000 ---p 00000000 00:00 0 
7f0a4c000000-7f0a4c173000 rw-p 00000000 00:00 0 
7f0a4c173000-7f0a50000000 ---p 00000000 00:00 0 
7f0a50000000-7f0a50040000 rw-p 00000000 00:00 0 
7f0a50040000-7f0a54000000 ---p 00000000 00:00 0 
7f0a54000000-7f0a54150000 rw-p 00000000 00:00 0 
7f0a54150000-7f0a58000000 ---p 00000000 00:00 0 
7f0a58000000-7f0a58157000 rw-p 00000000 00:00 0 
7f0a58157000-7f0a5c000000 ---p 00000000 00:00 0 
7f0a5c000000-7f0a5c078000 rw-p 00000000 00:00 0 
7f0a5c078000-7f0a60000000 ---p 00000000 00:00 0 
7f0a60004000-7f0a60007000 ---p 00000000 00:00 0 
7f0a60007000-7f0a6003d000 rw-p 00000000 00:00 0 
7f0a6003d000-7f0a60040000 ---p 00000000 00:00 0 
7f0a60040000-7f0a60076000 rw-p 00000000 00:00 0 
7f0a60076000-7f0a60079000 ---p 00000000 00:00 0 
7f0a60079000-7f0a602af000 rw-p 00000000 00:00 0 
7f0a602af000-7f0a602b2000 ---p 00000000 00:00 0 
7f0a602b2000-7f0a605b0000 rw-p 00000000 00:00 0 
7f0a605b0000-7f0a607b0000 rw-p 00000000 00:00 0 
7f0a607b0000-7f0a609b0000 rw-p 00000000 00:00 0 
7f0a609b0000-7f0a609c2000 r--s 00345000 08:06 5117167                    /home/sudhanshu/Downloads/android-studio/jre/jre/lib/resources.jar
7f0a609c2000-7f0a60bc2000 rw-p 00000000 00:00 0 
7f0a60bc2000-7f0a60dc2000 rw-p 00000000 00:00 0 
7f0a60dc2000-7f0a60dc5000 r--s 00015000 08:06 5117166                    /home/sudhanshu/Downloads/android-studio/jre/jre/lib/jce.jar
7f0a60dc5000-7f0a60fc5000 rw-p 00000000 00:00 0 
7f0a60fc5000-7f0a60fc8000 ---p 00000000 00:00 0 
7f0a60fc8000-7f0a612c6000 rw-p 00000000 00:00 0 
7f0a612c6000-7f0a614bc000 rw-p 00000000 00:00 0 
7f0a614bc000-7f0a614c6000 ---p 00000000 00:00 0 
7f0a614c6000-7f0a614d1000 r--s 00081000 08:06 4719200                    /home/sudhanshu/.gradle/caches/jars-3/fc6e889a0f45cc9752787eb60f920103/trove4j-20160824.jar
7f0a614d1000-7f0a61554000 r--s 00758000 08:06 4719198                    /home/sudhanshu/.gradle/caches/jars-3/b46ab84062ddfd52701cfe0a9718e764/intellij-core-26.0.1.jar
7f0a61554000-7f0a6155a000 r--s 00033000 08:06 4719196                    /home/sudhanshu/.gradle/caches/jars-3/f96c897d327ea500d64fe3af2833bd50/commons-codec-1.6.jar
7f0a6155a000-7f0a6155c000 r--s 0000d000 08:06 4719194                    /home/sudhanshu/.gradle/caches/jars-3/ccc849edcf9fccd61ed937bf93ffe896/commons-logging-1.1.1.jar
7f0a6155c000-7f0a61562000 r--s 00032000 08:06 4719192                    /home/sudhanshu/.gradle/caches/jars-3/72e344059d1923829968d0d38b0c3c72/httpcore-4.2.5.jar
7f0a61562000-7f0a61563000 r--s 00004000 08:06 4719190                    /home/sudhanshu/.gradle/caches/jars-3/3a4299d1ce3e273e7c03a9ccf5a1e333/annotations-12.0.jar
7f0a61563000-7f0a61564000 r--s 00000000 08:06 4719188                    /home/sudhanshu/.gradle/caches/jars-3/0e2fbc3b8c56d2975eca90c524790c13/animal-sniffer-annotations-1.14.jar
7f0a61564000-7f0a61566000 r--s 00001000 08:06 4719186                    /home/sudhanshu/.gradle/caches/jars-3/ad41f8f3ac67c0323ce9eb1c20c8dc3f/j2objc-annotations-1.1.jar
7f0a61566000-7f0a61567000 r--s 00002000 08:06 4719184                    /home/sudhanshu/.gradle/caches/jars-3/9edb0f46b907c34c4718edabde6c791c/error_prone_annotations-2.0.18.jar
7f0a61567000-7f0a6156a000 r--s 00006000 08:06 4719182                    /home/sudhanshu/.gradle/caches/jars-3/b58a9bc3bbba42132e4abc0bacae8da1/jsr305-1.3.9.jar
7f0a6156a000-7f0a6156b000 r--s 0000a000 08:06 4719180                    /home/sudhanshu/.gradle/caches/jars-3/5b8b36ed61fe92731031cca3c9b3a0b3/kxml2-2.3.0.jar
7f0a6156b000-7f0a6156d000 r--s 00005000 08:06 4719178                    /home/sudhanshu/.gradle/caches/jars-3/f10e1e1978816198f2eb1189c974b440/httpmime-4.1.jar
7f0a6156d000-7f0a61577000 r--s 00061000 08:06 4719176                    /home/sudhanshu/.gradle/caches/jars-3/bc4b2527f35dc983f759e8f85f3f8d52/httpclient-4.2.6.jar
7f0a61577000-7f0a61580000 r--s 00064000 08:06 4719174                    /home/sudhanshu/.gradle/caches/jars-3/fc37c717528c2a0d27f3e3621835f781/commons-compress-1.12.jar
7f0a61580000-7f0a61585000 r--s 0002e000 08:06 4719172                    /home/sudhanshu/.gradle/caches/jars-3/c5bcda7f6f4809e9c92270f99e51f154/gson-2.3.jar
7f0a61585000-7f0a61595000 r--s 000d6000 08:06 4719170                    /home/sudhanshu/.gradle/caches/jars-3/dbdb8caed2514263a34702cc763c6785/proguard-base-5.3.3.jar
7f0a61595000-7f0a61597000 r--s 00003000 08:06 4719168                    /home/sudhanshu/.gradle/caches/jars-3/01ab8600ebbfdcaf9b89b45c2b992e82/annotations-13.0.jar
7f0a61597000-7f0a61598000 r--s 00001000 08:06 4719166                    /home/sudhanshu/.gradle/caches/jars-3/dccac9b7f67766e57200b1770178f61c/annotations-26.0.1.jar
7f0a61598000-7f0a6159b000 r--s 00033000 08:06 4719164                    /home/sudhanshu/.gradle/caches/jars-3/0ce03714647bf7bd3c78634c20ddbf38/juniversalchardet-1.0.3.jar
7f0a6159b000-7f0a6159f000 r--s 0002a000 08:06 4719162                    /home/sudhanshu/.gradle/caches/jars-3/9849af6d4b0409ba64061601342f385d/commons-io-2.4.jar
7f0a6159f000-7f0a615b6000 r--s 00154000 08:06 4719160                    /home/sudhanshu/.gradle/caches/jars-3/57adf9abd30c921d4ea1dfdcfe7b9efd/antlr4-4.5.3.jar
7f0a615b6000-7f0a615b7000 r--s 00003000 08:06 4719158                    /home/sudhanshu/.gradle/caches/jars-3/54a15dd332fd4c2e246ad396835dc0d2/baseLibrary-3.0.1.jar
7f0a615b7000-7f0a615e7000 r--s 00245000 08:06 4719156                    /home/sudhanshu/.gradle/caches/jars-3/8e27cdebb49ba2f804f9403d90aaaac5/guava-22.0.jar
7f0a615e7000-7f0a615ef000 r--s 000a8000 08:06 4719154                    /home/sudhanshu/.gradle/caches/jars-3/6cc57ce9ec0d90186f781694264d61bc/lombok-ast-0.2.3.jar
7f0a615ef000-7f0a615f3000 r--s 0002f000 08:06 4719152                    /home/sudhanshu/.gradle/caches/jars-3/505fcc8c47da308b2f1262f0ff3c65f1/jimfs-1.1.jar
7f0a615f3000-7f0a61606000 r--s 00241000 08:06 4719150                    /home/sudhanshu/.gradle/caches/jars-3/d8dc71eb6d91c966c45f7b594129e14a/ecj-4.6.1.jar
7f0a61606000-7f0a61607000 r--s 00003000 08:06 4719148                    /home/sudhanshu/.gradle/caches/jars-3/fdb8f5ebd6a086c4818336712b830716/json-simple-1.1.jar
7f0a61607000-7f0a6172c000 r--s 00f5d000 08:06 4719146                    /home/sudhanshu/.gradle/caches/jars-3/dfd566a90e18a0aa75879c33e0731ab8/fastutil-7.2.0.jar
7f0a6172c000-7f0a61777000 r--s 002ff000 08:06 4719144                    /home/sudhanshu/.gradle/caches/jars-3/d3d44e9a7fcb4a86fb40775c385dd3d0/bcprov-jdk15on-1.56.jar
7f0a61777000-7f0a61788000 r--s 00097000 08:06 4719142                    /home/sudhanshu/.gradle/caches/jars-3/59ebb77d99c5ca0e24bb23272e0329dd/bcpkix-jdk15on-1.56.jar
7f0a61788000-7f0a6178a000 r--s 00002000 08:06 4719140                    /home/sudhanshu/.gradle/caches/jars-3/f268e5e8fc83bb846ac355d6a16b1f30/javawriter-2.5.0.jar
7f0a6178a000-7f0a6178f000 r--s 0003b000 08:06 4719138                    /home/sudhanshu/.gradle/caches/jars-3/91bf67441f6ac57ccbb374f99f9ed0fc/apksig-3.0.1.jar
7f0a6178f000-7f0a61792000 r--s 00024000 08:06 4719136                    /home/sudhanshu/.gradle/caches/jars-3/04183dcd1bde85515b23d1bbd46ea9bc/common-26.0.1.jar
7f0a61792000-7f0a61794000 r--s 00006000 08:06 4719134                    /home/sudhanshu/.gradle/caches/jars-3/a0ea702af2bdb16dfa1a50969b155dea/dvlib-26.0.1.jar
7f0a61794000-7f0a61797000 r--s 00014000 08:06 4719132                    /home/sudhanshu/.gradle/caches/jars-3/6abb718b4b844aa0386163f0c2f6eb72/layoutlib-api-26.0.1.jar
7f0a61797000-7f0a6179c000 r--s 0004d000 08:06 4719130                    /home/sudhanshu/.gradle/caches/jars-3/65a80584522712b8832b7c1c03186c4b/ddmlib-26.0.1.jar
7f0a6179c000-7f0a6179d000 r--s 00003000 08:06 4719128                    /home/sudhanshu/.gradle/caches/jars-3/af01854c900e4906a368ef59064a245d/builder-test-api-3.0.1.jar
7f0a6179d000-7f0a617a0000 r--s 00007000 08:06 4719126                    /home/sudhanshu/.gradle/caches/jars-3/124ec36ab4edce0919b54d1123daa364/builder-model-3.0.1.jar
7f0a617a0000-7f0a617af000 r--s 00130000 08:06 4719124                    /home/sudhanshu/.gradle/caches/jars-3/72ba1443c6adcea1f6ba21e12f0bb0fc/protobuf-java-3.0.0.jar
7f0a617af000-7f0a617c2000 r--s 001a8000 08:06 4719122                    /home/sudhanshu/.gradle/caches/jars-3/a1cbdfb97e256e71fcbd29dc4584a785/protos-26.0.1.jar
7f0a617c2000-7f0a617c3000 r--s 00005000 08:06 4719120                    /home/sudhanshu/.gradle/caches/jars-3/ca5180624b528b15325a5d002dbfbb6d/shared-26.0.1.jar
7f0a617c3000-7f0a617c5000 r--s 00004000 08:06 4719118                    /home/sudhanshu/.gradle/caches/jars-3/07f12c2b6f66ca8d4d6bd02e9c9b060a/tracker-26.0.1.jar
7f0a617c5000-7f0a617c7000 r--s 00002000 08:06 4719116                    /home/sudhanshu/.gradle/caches/jars-3/e91624d2ed1c3b55eec9fd768ed13c1d/proguard-gradle-5.3.3.jar
7f0a617c7000-7f0a617c9000 r--s 0000f000 08:06 4719114                    /home/sudhanshu/.gradle/caches/jars-3/96760c32d36a5d7066e3ccf088bfd362/jopt-simple-4.9.jar
7f0a617c9000-7f0a617cd000 r--s 0001e000 08:06 4719112                    /home/sudhanshu/.gradle/caches/jars-3/0d3e95aba631209a078aeec58a76633d/org.jacoco.core-0.7.4.201502262128.jar
7f0a617cd000-7f0a617d0000 r--s 00020000 08:06 4719110                    /home/sudhanshu/.gradle/caches/jars-3/c72fc284d34f39eab57a4e3ba83405e9/org.jacoco.report-0.7.4.201502262128.jar
7f0a617d0000-7f0a617d2000 r--s 0000c000 08:06 4719108                    /home/sudhanshu/.gradle/caches/jars-3/9b0a36633c92c6e87e62c81734593183/asm-5.1.jar
7f0a617d2000-7f0a617d4000 r--s 00006000 08:06 4719106                    /home/sudhanshu/.gradle/caches/jars-3/50c8a7da333c41693b2b7ce95b6d9d89/asm-tree-5.1.jar
7f0a617d4000-7f0a617d5000 r--s 0000a000 08:06 4719104                    /home/sudhanshu/.gradle/caches/jars-3/c4f1f1d5a624f981d35a78d181e2c418/asm-util-5.1.jar
7f0a617d5000-7f0a617d7000 r--s 0000a000 08:06 4719102                    /home/sudhanshu/.gradle/caches/jars-3/d37aa405961c464c627b1efe5def81b8/asm-commons-5.1.jar
7f0a617d7000-7f0a617d8000 r--s 00004000 08:06 4719100                    /home/sudhanshu/.gradle/caches/jars-3/2b2689d10a4425b1cb2d0654db2ea088/asm-analysis-5.1.jar
7f0a617d8000-7f0a617e7000 r--s 000c8000 08:06 4719096                    /home/sudhanshu/.gradle/caches/jars-3/af931fae44e009148423077fa09abbd1/kotlin-stdlib-1.1.3-2.jar
7f0a617e7000-7f0a61819000 r--s 0021b000 08:06 4719094                    /home/sudhanshu/.gradle/caches/jars-3/24b2127528a18b338af82ff7ea236d45/kotlin-reflect-1.1.3-2.jar
7f0a61819000-7f0a6181f000 r--s 00030000 08:06 4719092                    /home/sudhanshu/.gradle/caches/jars-3/90ec49f8b88710e2876aefe447609abb/repository-26.0.1.jar
7f0a6181f000-7f0a6182a000 r--s 0009b000 08:06 4719090                    /home/sudhanshu/.gradle/caches/jars-3/af771564c510a1c104220a8be892ab2d/sdklib-26.0.1.jar
7f0a6182a000-7f0a61839000 r--s 000da000 08:06 4719088                    /home/sudhanshu/.gradle/caches/jars-3/50767da85151ce151711c301f4a0623c/sdk-common-26.0.1.jar
7f0a61839000-7f0a6183d000 r--s 00023000 08:06 4719086                    /home/sudhanshu/.gradle/caches/jars-3/186e268c3a12c0a405d658dabf9d64d2/manifest-merger-26.0.1.jar
7f0a6183d000-7f0a61841000 r--s 0002e000 08:06 4719084                    /home/sudhanshu/.gradle/caches/jars-3/c519ce7b2f3637e909703f541c08c445/compilerCommon-3.0.1.jar
7f0a61841000-7f0a61843000 r--s 00003000 08:06 4719082                    /home/sudhanshu/.gradle/caches/jars-3/34cfdbf6cad3f54cc2f45521bf0374e7/gradle-api-3.0.1.jar
7f0a61843000-7f0a61852000 r--s 000cb000 08:06 4719080                    /home/sudhanshu/.gradle/caches/jars-3/e5c09abb4b0acf0785ecd8a8015ab959/uast-26.0.1.jar
7f0a61852000-7f0a61859000 r--s 0007f000 08:06 4719078                    /home/sudhanshu/.gradle/caches/jars-3/b1f5a73634581e955e7f89376aea2d48/lint-api-26.0.1.jar
7f0a61859000-7f0a61889000 r--s 01983000 08:06 4719072                    /home/sudhanshu/.gradle/caches/jars-3/add7f1627b730db059119a8274a10c21/builder-3.0.1.jar
7f0a61889000-7f0a61a89000 rw-p 00000000 00:00 0 
7f0a61a89000-7f0a61a8c000 ---p 00000000 00:00 0 
7f0a61a8c000-7f0a61b8a000 rw-p 00000000 00:00 0 
7f0a61b8a000-7f0a61b8d000 ---p 00000000 00:00 0 
7f0a61b8d000-7f0a61c8b000 rw-p 00000000 00:00 0 
7f0a61c8b000-7f0a61c8e000 ---p 00000000 00:00 0 
7f0a61c8e000-7f0a61d8c000 rw-p 00000000 00:00 0 
7f0a61d8c000-7f0a61d8f000 ---p 00000000 00:00 0 
7f0a61d8f000-7f0a6208d000 rw-p 00000000 00:00 0 
7f0a6208d000-7f0a62090000 ---p 00000000 00:00 0 
7f0a62090000-7f0a6238e000 rw-p 00000000 00:00 0 
7f0a6238e000-7f0a6258e000 rw-p 00000000 00:00 0 
7f0a6258e000-7f0a6278e000 rw-p 00000000 00:00 0 
7f0a6278e000-7f0a6298e000 rw-p 00000000 00:00 0 
7f0a6298e000-7f0a62b8e000 rw-p 00000000 00:00 0 
7f0a62b8e000-7f0a62ca9000 r--s 02008000 08:06 3288497                    /home/sudhanshu/.gradle/caches/jars-3/9955734f77abc673a38c7cd4c0214af5/android.jar
7f0a62ca9000-7f0a62ceb000 r--s 00220000 08:06 4718883                    /home/sudhanshu/.gradle/caches/jars-3/929747bc6b973b44297e9c57df71598d/gradle-core-3.5.jar
7f0a62ceb000-7f0a62cee000 ---p 00000000 00:00 0 
7f0a62cee000-7f0a62fec000 rw-p 00000000 00:00 0 
7f0a62fec000-7f0a62fef000 ---p 00000000 00:00 0 
7f0a62fef000-7f0a630ed000 rw-p 00000000 00:00 0 
7f0a630ed000-7f0a630f0000 ---p 00000000 00:00 0 
7f0a630f0000-7f0a633ee000 rw-p 00000000 00:00 0 
7f0a633ee000-7f0a633f1000 ---p 00000000 00:00 0 
7f0a633f1000-7f0a634ef000 rw-p 00000000 00:00 0 
7f0a634ef000-7f0a634f2000 ---p 00000000 00:00 0 
7f0a634f2000-7f0a635f0000 rw-p 00000000 00:00 0 
7f0a635f0000-7f0a635f3000 ---p 00000000 00:00 0 
7f0a635f3000-7f0a636f1000 rw-p 00000000 00:00 0 
7f0a636f1000-7f0a636f4000 ---p 00000000 00:00 0 
7f0a636f4000-7f0a637f2000 rw-p 00000000 00:00 0 
7f0a637f2000-7f0a637f5000 ---p 00000000 00:00 0 
7f0a637f5000-7f0a638f3000 rw-p 00000000 00:00 0 
7f0a638f3000-7f0a638f6000 ---p 00000000 00:00 0 
7f0a638f6000-7f0a639f4000 rw-p 00000000 00:00 0 
7f0a639f4000-7f0a639f7000 ---p 00000000 00:00 0 
7f0a639f7000-7f0a63af5000 rw-p 00000000 00:00 0 
7f0a63af5000-7f0a63af8000 ---p 00000000 00:00 0 
7f0a63af8000-7f0a63df6000 rw-p 00000000 00:00 0 
7f0a63df6000-7f0a63dff000 r-xp 00000000 08:06 5117224                    /home/sudhanshu/Downloads/android-studio/jre/jre/lib/amd64/libmanagement.so
7f0a63dff000-7f0a63ffe000 ---p 00009000 08:06 5117224                    /home/sudhanshu/Downloads/android-studio/jre/jre/lib/amd64/libmanagement.so
7f0a63ffe000-7f0a63fff000 r--p 00008000 08:06 5117224                    /home/sudhanshu/Downloads/android-studio/jre/jre/lib/amd64/libmanagement.so
7f0a63fff000-7f0a64000000 rw-p 00009000 08:06 5117224                    /home/sudhanshu/Downloads/android-studio/jre/jre/lib/amd64/libmanagement.so
7f0a64000000-7f0a64109000 rw-p 00000000 00:00 0 
7f0a64109000-7f0a68000000 ---p 00000000 00:00 0 
7f0a68000000-7f0a68001000 r--s 00000000 08:06 4719098                    /home/sudhanshu/.gradle/caches/jars-3/5206138fb8a6b2ffbd31e140916c2100/transform-api-2.0.0-deprecated-use-gradle-api.jar
7f0a68001000-7f0a6800a000 r--s 000ff000 08:06 4719076                    /home/sudhanshu/.gradle/caches/jars-3/75e696a5531ca85e1fe447df83f74bd2/lint-checks-26.0.1.jar
7f0a6800a000-7f0a6800d000 r--s 00039000 08:06 4719074                    /home/sudhanshu/.gradle/caches/jars-3/7fa6c4fcdd1d81db4cc9c7439ce29486/lint-26.0.1.jar
7f0a6800d000-7f0a68030000 r--s 0020b000 08:06 4719070                    /home/sudhanshu/.gradle/caches/jars-3/4adae2b762c8552c6e3aa2ded1493e4b/gradle-core-3.0.1.jar
7f0a68030000-7f0a68032000 r--s 0000f000 08:06 4719068                    /home/sudhanshu/.gradle/caches/jars-3/afd86a0d8507fd7f2e97461eaf9e4416/gradle-3.0.1.jar
7f0a68032000-7f0a68039000 r--s 0002a000 08:06 4718887                    /home/sudhanshu/.gradle/caches/jars-3/fff47aec37b967e571b648d1fc9c6db6/gradle-messaging-3.5.jar
7f0a68039000-7f0a6803e000 r--s 00041000 08:06 4718885                    /home/sudhanshu/.gradle/caches/jars-3/c0502f5c2cf6dfd52d250e1b7d027d24/commons-lang-2.6.jar
7f0a6803e000-7f0a68047000 r--s 00047000 08:06 4718881                    /home/sudhanshu/.gradle/caches/jars-3/11d06a5dce89fe5632250b7df00a3d57/gradle-base-services-3.5.jar
7f0a68047000-7f0a6806f000 r--s 001cf000 08:06 4718879                    /home/sudhanshu/.gradle/caches/jars-3/566e7e0f530f75a42eba4833ef84d88c/guava-jdk5-17.0.jar
7f0a6806f000-7f0a6807d000 r--s 00043000 08:06 4718877                    /home/sudhanshu/.gradle/caches/jars-3/c0d1da18a547ef3a2ba66d3068ae6e09/gradle-tooling-api-3.5.jar
7f0a6807d000-7f0a680f6000 r--s 010fd000 08:06 5117134                    /home/sudhanshu/Downloads/android-studio/jre/lib/tools.jar
7f0a680f6000-7f0a680fd000 r--s 00000000 08:06 3018203                    /usr/lib/x86_64-linux-gnu/gconv/gconv-modules.cache
7f0a680fd000-7f0a68102000 r--s 0009a000 08:06 5117275                    /home/sudhanshu/Downloads/android-studio/jre/jre/lib/jsse.jar
7f0a68102000-7f0a68104000 r--s 00007000 08:06 5114349                    /home/sudhanshu/Downloads/android-studio/gradle/gradle-4.1/lib/plugins/gradle-tooling-api-builders-4.1.jar
7f0a68104000-7f0a68107000 r--s 00009000 08:06 5114306                    /home/sudhanshu/Downloads/android-studio/gradle/gradle-4.1/lib/plugins/gradle-testing-native-4.1.jar
7f0a68107000-7f0a68109000 r--s 00009000 08:06 5114285                    /home/sudhanshu/Downloads/android-studio/gradle/gradle-4.1/lib/plugins/hamcrest-core-1.3.jar
7f0a68109000-7f0a6810e000 r--s 00040000 08:06 5114351                    /home/sudhanshu/Downloads/android-studio/gradle/gradle-4.1/lib/plugins/bsh-2.0b4.jar
7f0a6810e000-7f0a68110000 r--s 00006000 08:06 5114294                    /home/sudhanshu/Downloads/android-studio/gradle/gradle-4.1/lib/plugins/jcommander-1.12.jar
7f0a68110000-7f0a68116000 r--s 00033000 08:06 5114348                    /home/sudhanshu/Downloads/android-studio/gradle/gradle-4.1/lib/plugins/snakeyaml-1.6.jar
7f0a68116000-7f0a6811f000 r--s 00089000 08:06 5114356                    /home/sudhanshu/Downloads/android-studio/gradle/gradle-4.1/lib/plugins/testng-6.3.1.jar
7f0a6811f000-7f0a68127000 r--s 00045000 08:06 5114347                    /home/sudhanshu/Downloads/android-studio/gradle/gradle-4.1/lib/plugins/junit-4.12.jar
7f0a68127000-7f0a6812d000 r--s 0002e000 08:06 5114364                    /home/sudhanshu/Downloads/android-studio/gradle/gradle-4.1/lib/plugins/gradle-testing-jvm-4.1.jar
7f0a6812d000-7f0a68131000 r--s 00017000 08:06 5114355                    /home/sudhanshu/Downloads/android-studio/gradle/gradle-4.1/lib/plugins/gradle-testing-base-4.1.jar
7f0a68131000-7f0a68138000 r--s 00038000 08:06 5114295                    /home/sudhanshu/Downloads/android-studio/gradle/gradle-4.1/lib/plugins/bcpg-jdk15on-1.51.jar
7f0a68138000-7f0a6813a000 r--s 0000c000 08:06 5114304                    /home/sudhanshu/Downloads/android-studio/gradle/gradle-4.1/lib/plugins/gradle-signing-4.1.jar
7f0a6813a000-7f0a6813c000 r--s 00007000 08:06 5114315                    /home/sudhanshu/Downloads/android-studio/gradle/gradle-4.1/lib/plugins/gradle-scala-4.1.jar
7f0a6813c000-7f0a6813d000 r--s 00004000 08:06 5114350                    /home/sudhanshu/Downloads/android-studio/gradle/gradle-4.1/lib/plugins/gradle-resources-sftp-4.1.jar
7f0a6813d000-7f0a6814d000 r--s 00088000 08:06 5114346                    /home/sudhanshu/Downloads/android-studio/gradle/gradle-4.1/lib/plugins/joda-time-2.8.2.jar
7f0a6814d000-7f0a6815e000 r--s 0010d000 08:06 5114338                    /home/sudhanshu/Downloads/android-studio/gradle/gradle-4.1/lib/plugins/jackson-databind-2.6.6.jar
7f0a6815e000-7f0a68161000 r--s 00009000 08:06 5114297                    /home/sudhanshu/Downloads/android-studio/gradle/gradle-4.1/lib/plugins/jackson-annotations-2.6.6.jar
7f0a68161000-7f0a68165000 r--s 0003c000 08:06 5114324                    /home/sudhanshu/Downloads/android-studio/gradle/gradle-4.1/lib/plugins/jackson-core-2.6.6.jar
7f0a68165000-7f0a68173000 r--s 00087000 08:06 5114377                    /home/sudhanshu/Downloads/android-studio/gradle/gradle-4.1/lib/plugins/aws-java-sdk-core-1.11.6.jar
7f0a68173000-7f0a6817a000 r--s 00057000 08:06 5114352                    /home/sudhanshu/Downloads/android-studio/gradle/gradle-4.1/lib/plugins/aws-java-sdk-kms-1.11.6.jar
7f0a6817a000-7f0a68187000 r--s 0008e000 08:06 5114282                    /home/sudhanshu/Downloads/android-studio/gradle/gradle-4.1/lib/plugins/aws-java-sdk-s3-1.11.6.jar
7f0a68187000-7f0a68189000 r--s 00004000 08:06 5114331                    /home/sudhanshu/Downloads/android-studio/gradle/gradle-4.1/lib/plugins/gradle-resources-s3-4.1.jar
7f0a68189000-7f0a6818b000 r--s 00010000 08:06 5114301                    /home/sudhanshu/Downloads/android-studio/gradle/gradle-4.1/lib/plugins/gradle-reporting-4.1.jar
7f0a6818b000-7f0a6818d000 r--s 00002000 08:06 5114311                    /home/sudhanshu/Downloads/android-studio/gradle/gradle-4.1/lib/plugins/gradle-publish-4.1.jar
7f0a6818d000-7f0a6818f000 r--s 00009000 08:06 5114288                    /home/sudhanshu/Downloads/android-studio/gradle/gradle-4.1/lib/plugins/commons-cli-1.2.jar
7f0a6818f000-7f0a68195000 r--s 00036000 08:06 5114368                    /home/sudhanshu/Downloads/android-studio/gradle/gradle-4.1/lib/plugins/gradle-plugins-4.1.jar
7f0a68195000-7f0a68197000 r--s 00009000 08:06 5114286                    /home/sudhanshu/Downloads/android-studio/gradle/gradle-4.1/lib/plugins/gradle-plugin-development-4.1.jar
7f0a68197000-7f0a6819d000 r--s 0002b000 08:06 5114367                    /home/sudhanshu/Downloads/android-studio/gradle/gradle-4.1/lib/plugins/gradle-platform-play-4.1.jar
7f0a6819d000-7f0a681ac000 r--s 0005b000 08:06 5114322                    /home/sudhanshu/Downloads/android-studio/gradle/gradle-4.1/lib/plugins/gradle-platform-native-4.1.jar
7f0a681ac000-7f0a681b0000 r--s 0001b000 08:06 5114343                    /home/sudhanshu/Downloads/android-studio/gradle/gradle-4.1/lib/plugins/gradle-platform-jvm-4.1.jar
7f0a681b0000-7f0a681b8000 r--s 00027000 08:06 5114357                    /home/sudhanshu/Downloads/android-studio/gradle/gradle-4.1/lib/plugins/gradle-platform-base-4.1.jar
7f0a681b8000-7f0a681e0000 r--s 0021c000 08:06 5114326                    /home/sudhanshu/Downloads/android-studio/gradle/gradle-4.1/lib/plugins/biz.aQute.bndlib-3.2.0.jar
7f0a681e0000-7f0a681e1000 r--s 00004000 08:06 5114359                    /home/sudhanshu/Downloads/android-studio/gradle/gradle-4.1/lib/plugins/gradle-osgi-4.1.jar
7f0a681e1000-7f0a681e4000 r--s 0000c000 08:06 5114369                    /home/sudhanshu/Downloads/android-studio/gradle/gradle-4.1/lib/plugins/pmaven-groovy-0.8-20100325.jar
7f0a681e4000-7f0a681e5000 r--s 00004000 08:06 5114296                    /home/sudhanshu/Downloads/android-studio/gradle/gradle-4.1/lib/plugins/pmaven-common-0.8-20100325.jar
7f0a681e5000-7f0a681eb000 r--s 00023000 08:06 5114354                    /home/sudhanshu/Downloads/android-studio/gradle/gradle-4.1/lib/plugins/gradle-maven-4.1.jar
7f0a681eb000-7f0a681ee000 r--s 0000b000 08:06 5114280                    /home/sudhanshu/Downloads/android-studio/gradle/gradle-4.1/lib/plugins/gradle-language-scala-4.1.jar
7f0a681ee000-7f0a681f5000 r--s 00020000 08:06 5114314                    /home/sudhanshu/Downloads/android-studio/gradle/gradle-4.1/lib/plugins/gradle-language-native-4.1.jar
7f0a681f5000-7f0a681f7000 r--s 00005000 08:06 5114330                    /home/sudhanshu/Downloads/android-studio/gradle/gradle-4.1/lib/plugins/gradle-language-jvm-4.1.jar
7f0a681f7000-7f0a681fe000 r--s 0002f000 08:06 5114337                    /home/sudhanshu/Downloads/android-studio/gradle/gradle-4.1/lib/plugins/gradle-language-java-4.1.jar
7f0a681fe000-7f0a68201000 r--s 0000a000 08:06 5114353                    /home/sudhanshu/Downloads/android-studio/gradle/gradle-4.1/lib/plugins/gradle-language-groovy-4.1.jar
7f0a68201000-7f0a68208000 r--s 00035000 08:06 5114358                    /home/sudhanshu/Downloads/android-studio/gradle/gradle-4.1/lib/plugins/simple-4.1.21.jar
7f0a68208000-7f0a68214000 r--s 00100000 08:06 5114334                    /home/sudhanshu/Downloads/android-studio/gradle/gradle-4.1/lib/plugins/rhino-1.7R3.jar
7f0a68214000-7f0a68218000 r--s 00012000 08:06 5114293                    /home/sudhanshu/Downloads/android-studio/gradle/gradle-4.1/lib/plugins/gradle-javascript-4.1.jar
7f0a68218000-7f0a6821b000 r--s 00011000 08:06 5114335                    /home/sudhanshu/Downloads/android-studio/gradle/gradle-4.1/lib/plugins/gradle-jacoco-4.1.jar
7f0a6821b000-7f0a6821e000 r--s 0000e000 08:06 5114319                    /home/sudhanshu/Downloads/android-studio/gradle/gradle-4.1/lib/plugins/gradle-ivy-4.1.jar
7f0a6821e000-7f0a6821f000 r--s 00002000 08:06 5114309                    /home/sudhanshu/Downloads/android-studio/gradle/gradle-4.1/lib/plugins/gradle-ide-play-4.1.jar
7f0a6821f000-7f0a68222000 r--s 00013000 08:06 5114279                    /home/sudhanshu/Downloads/android-studio/gradle/gradle-4.1/lib/plugins/gradle-ide-native-4.1.jar
7f0a68222000-7f0a6822c000 r--s 00054000 08:06 5114333                    /home/sudhanshu/Downloads/android-studio/gradle/gradle-4.1/lib/plugins/gradle-ide-4.1.jar
7f0a6822c000-7f0a6822e000 r--s 00007000 08:06 5114318                    /home/sudhanshu/Downloads/android-studio/gradle/gradle-4.1/lib/plugins/gradle-ear-4.1.jar
7f0a6822e000-7f0a68230000 r--s 00005000 08:06 5114292                    /home/sudhanshu/Downloads/android-studio/gradle/gradle-4.1/lib/plugins/jatl-0.2.2.jar
7f0a68230000-7f0a68237000 r--s 00038000 08:06 5114287                    /home/sudhanshu/Downloads/android-studio/gradle/gradle-4.1/lib/plugins/gradle-diagnostics-4.1.jar
7f0a68237000-7f0a68239000 r--s 0000b000 08:06 5114317                    /home/sudhanshu/Downloads/android-studio/gradle/gradle-4.1/lib/plugins/gradle-composite-builds-4.1.jar
7f0a68239000-7f0a6823e000 r--s 00025000 08:06 5114283                    /home/sudhanshu/Downloads/android-studio/gradle/gradle-4.1/lib/plugins/gradle-code-quality-4.1.jar
7f0a6823e000-7f0a68243000 r--s 00022000 08:06 5114362                    /home/sudhanshu/Downloads/android-studio/gradle/gradle-4.1/lib/plugins/gradle-build-init-4.1.jar
7f0a68243000-7f0a68249000 r--s 0008e000 08:06 5114325                    /home/sudhanshu/Downloads/android-studio/gradle/gradle-4.1/lib/plugins/gradle-build-comparison-4.1.jar
7f0a68249000-7f0a6824a000 r--s 00002000 08:06 5114289                    /home/sudhanshu/Downloads/android-studio/gradle/gradle-4.1/lib/plugins/gradle-build-cache-http-4.1.jar
7f0a6824a000-7f0a6824c000 r--s 00008000 08:06 5114366                    /home/sudhanshu/Downloads/android-studio/gradle/gradle-4.1/lib/plugins/gradle-antlr-4.1.jar
7f0a6824c000-7f0a6824e000 r--s 00004000 08:06 5114339                    /home/sudhanshu/Downloads/android-studio/gradle/gradle-4.1/lib/plugins/gradle-announce-4.1.jar
7f0a6824e000-7f0a68256000 r--s 00028000 08:06 5114327                    /home/sudhanshu/Downloads/android-studio/gradle/gradle-4.1/lib/plugins/xml-apis-1.3.04.jar
7f0a68256000-7f0a6826e000 r--s 00115000 08:06 5114370                    /home/sudhanshu/Downloads/android-studio/gradle/gradle-4.1/lib/plugins/xercesImpl-2.9.1.jar
7f0a6826e000-7f0a68274000 r--s 0005b000 08:06 5114305                    /home/sudhanshu/Downloads/android-studio/gradle/gradle-4.1/lib/plugins/jcifs-1.3.17.jar
7f0a68274000-7f0a6827b000 r--s 00049000 08:06 5114298                    /home/sudhanshu/Downloads/android-studio/gradle/gradle-4.1/lib/plugins/httpcore-4.4.4.jar
7f0a6827b000-7f0a68281000 r--s 00033000 08:06 5114379                    /home/sudhanshu/Downloads/android-studio/gradle/gradle-4.1/lib/plugins/commons-codec-1.6.jar
7f0a68281000-7f0a68297000 r-xp 00000000 08:06 4854450                    /lib/x86_64-linux-gnu/libgcc_s.so.1
7f0a68297000-7f0a68496000 ---p 00016000 08:06 4854450                    /lib/x86_64-linux-gnu/libgcc_s.so.1
7f0a68496000-7f0a68497000 rw-p 00015000 08:06 4854450                    /lib/x86_64-linux-gnu/libgcc_s.so.1
7f0a68497000-7f0a68609000 r-xp 00000000 08:06 2754558                    /usr/lib/x86_64-linux-gnu/libstdc++.so.6.0.21
7f0a68609000-7f0a68809000 ---p 00172000 08:06 2754558                    /usr/lib/x86_64-linux-gnu/libstdc++.so.6.0.21
7f0a68809000-7f0a68813000 r--p 00172000 08:06 2754558                    /usr/lib/x86_64-linux-gnu/libstdc++.so.6.0.21
7f0a68813000-7f0a68815000 rw-p 0017c000 08:06 2754558                    /usr/lib/x86_64-linux-gnu/libstdc++.so.6.0.21
7f0a68815000-7f0a68819000 rw-p 00000000 00:00 0 
7f0a68819000-7f0a6881e000 r-xp 00000000 08:06 4718708                    /home/sudhanshu/.gradle/native/25/linux-amd64/libnative-platform.so
7f0a6881e000-7f0a68a1d000 ---p 00005000 08:06 4718708                    /home/sudhanshu/.gradle/native/25/linux-amd64/libnative-platform.so
7f0a68a1d000-7f0a68a1e000 rw-p 00004000 08:06 4718708                    /home/sudhanshu/.gradle/native/25/linux-amd64/libnative-platform.so
7f0a68a1e000-7f0a68a2f000 r-xp 00000000 08:06 5117216                    /home/sudhanshu/Downloads/android-studio/jre/jre/lib/amd64/libnio.so
7f0a68a2f000-7f0a68c2e000 ---p 00011000 08:06 5117216                    /home/sudhanshu/Downloads/android-studio/jre/jre/lib/amd64/libnio.so
7f0a68c2e000-7f0a68c2f000 r--p 00010000 08:06 5117216                    /home/sudhanshu/Downloads/android-studio/jre/jre/lib/amd64/libnio.so
7f0a68c2f000-7f0a68c30000 rw-p 00011000 08:06 5117216                    /home/sudhanshu/Downloads/android-studio/jre/jre/lib/amd64/libnio.so
7f0a68c30000-7f0a6bc31000 rw-p 00000000 00:00 0 
7f0a6bc31000-7f0a6bc47000 r-xp 00000000 08:06 5117218                    /home/sudhanshu/Downloads/android-studio/jre/jre/lib/amd64/libnet.so
7f0a6bc47000-7f0a6be47000 ---p 00016000 08:06 5117218                    /home/sudhanshu/Downloads/android-studio/jre/jre/lib/amd64/libnet.so
7f0a6be47000-7f0a6be48000 r--p 00016000 08:06 5117218                    /home/sudhanshu/Downloads/android-studio/jre/jre/lib/amd64/libnet.so
7f0a6be48000-7f0a6be49000 rw-p 00017000 08:06 5117218                    /home/sudhanshu/Downloads/android-studio/jre/jre/lib/amd64/libnet.so
7f0a6be49000-7f0a6c000000 r--s 01786000 08:06 5114262                    /home/sudhanshu/Downloads/android-studio/gradle/gradle-4.1/lib/kotlin-compiler-embeddable-1.1.3-2.jar
7f0a6c000000-7f0a6cdf0000 rw-p 00000000 00:00 0 
7f0a6cdf0000-7f0a70000000 ---p 00000000 00:00 0 
7f0a70000000-7f0a7014d000 rw-p 00000000 00:00 0 
7f0a7014d000-7f0a74000000 ---p 00000000 00:00 0 
7f0a74000000-7f0a759f8000 rw-p 00000000 00:00 0 
7f0a759f8000-7f0a78000000 ---p 00000000 00:00 0 
7f0a78000000-7f0a795ce000 rw-p 00000000 00:00 0 
7f0a795ce000-7f0a7c000000 ---p 00000000 00:00 0 
7f0a7c000000-7f0a7c021000 rw-p 00000000 00:00 0 
7f0a7c021000-7f0a80000000 ---p 00000000 00:00 0 
7f0a80000000-7f0a80021000 rw-p 00000000 00:00 0 
7f0a80021000-7f0a84000000 ---p 00000000 00:00 0 
7f0a84000000-7f0a842c9000 rw-p 00000000 00:00 0 
7f0a842c9000-7f0a88000000 ---p 00000000 00:00 0 
7f0a88000000-7f0a88060000 rw-p 00000000 00:00 0 
7f0a88060000-7f0a8c000000 ---p 00000000 00:00 0 
7f0a8c000000-7f0a8c021000 rw-p 00000000 00:00 0 
7f0a8c021000-7f0a90000000 ---p 00000000 00:00 0 
7f0a90000000-7f0a900ca000 rw-p 00000000 00:00 0 
7f0a900ca000-7f0a94000000 ---p 00000000 00:00 0 
7f0a94000000-7f0a940e5000 rw-p 00000000 00:00 0 
7f0a940e5000-7f0a98000000 ---p 00000000 00:00 0 
7f0a98000000-7f0a98002000 r--s 00008000 08:06 5114409                    /home/sudhanshu/Downloads/android-studio/gradle/gradle-4.1/lib/gradle-kotlin-dsl-tooling-builders-0.10.3.jar
7f0a98002000-7f0a98005000 r--s 0001c000 08:06 5114336                    /home/sudhanshu/Downloads/android-studio/gradle/gradle-4.1/lib/plugins/nekohtml-1.9.14.jar
7f0a98005000-7f0a98012000 r--s 000a4000 08:06 5114378                    /home/sudhanshu/Downloads/android-studio/gradle/gradle-4.1/lib/plugins/httpclient-4.4.1.jar
7f0a98012000-7f0a98014000 r--s 0000b000 08:06 5114342                    /home/sudhanshu/Downloads/android-studio/gradle/gradle-4.1/lib/plugins/gradle-resources-http-4.1.jar
7f0a98014000-7f0a98018000 r--s 00017000 08:06 5114373                    /home/sudhanshu/Downloads/android-studio/gradle/gradle-4.1/lib/plugins/gradle-plugin-use-4.1.jar
7f0a98018000-7f0a98019000 r--s 00000000 08:06 5114402                    /home/sudhanshu/Downloads/android-studio/gradle/gradle-4.1/lib/gradle-runtime-api-info-4.1.jar
7f0a98019000-7f0a9801a000 r--s 00000000 08:06 5114393                    /home/sudhanshu/Downloads/android-studio/gradle/gradle-4.1/lib/gradle-installation-beacon-4.1.jar
7f0a9801a000-7f0a9805a000 r--s 00277000 08:06 5114332                    /home/sudhanshu/Downloads/android-studio/gradle/gradle-4.1/lib/plugins/bcprov-jdk15on-1.51.jar
7f0a9805a000-7f0a9805e000 r--s 0001d000 08:06 5114345                    /home/sudhanshu/Downloads/android-studio/gradle/gradle-4.1/lib/plugins/xbean-reflect-3.4.jar
7f0a9805e000-7f0a98060000 r--s 0000a000 08:06 5114375                    /home/sudhanshu/Downloads/android-studio/gradle/gradle-4.1/lib/plugins/maven-settings-3.0.4.jar
7f0a98060000-7f0a98063000 r--s 00008000 08:06 5114360                    /home/sudhanshu/Downloads/android-studio/gradle/gradle-4.1/lib/plugins/maven-settings-builder-3.0.4.jar
7f0a98063000-7f0a98067000 r--s 00033000 08:06 5114323                    /home/sudhanshu/Downloads/android-studio/gradle/gradle-4.1/lib/plugins/plexus-utils-2.0.6.jar
7f0a98067000-7f0a98069000 r--s 0000d000 08:06 5114363                    /home/sudhanshu/Downloads/android-studio/gradle/gradle-4.1/lib/plugins/plexus-interpolation-1.14.jar
7f0a98069000-7f0a9806b000 r--s 00000000 08:06 5114281                    /home/sudhanshu/Downloads/android-studio/gradle/gradle-4.1/lib/plugins/plexus-component-annotations-1.5.5.jar
7f0a9806b000-7f0a98072000 r--s 0002e000 08:06 5114290                    /home/sudhanshu/Downloads/android-studio/gradle/gradle-4.1/lib/plugins/plexus-container-default-1.5.5.jar
7f0a98072000-7f0a98074000 r--s 0000a000 08:06 5114302                    /home/sudhanshu/Downloads/android-studio/gradle/gradle-4.1/lib/plugins/plexus-classworlds-2.4.jar
7f0a98074000-7f0a98076000 r--s 00002000 08:06 5114284                    /home/sudhanshu/Downloads/android-studio/gradle/gradle-4.1/lib/plugins/plexus-cipher-1.7.jar
7f0a98076000-7f0a98077000 r--s 00006000 08:06 5114312                    /home/sudhanshu/Downloads/android-studio/gradle/gradle-4.1/lib/plugins/plexus-sec-dispatcher-1.3.jar
7f0a98077000-7f0a9807d000 r--s 0003f000 08:06 5114291                    /home/sudhanshu/Downloads/android-studio/gradle/gradle-4.1/lib/plugins/maven-compat-3.0.4.jar
7f0a9807d000-7f0a98081000 r--s 00021000 08:06 5114371                    /home/sudhanshu/Downloads/android-studio/gradle/gradle-4.1/lib/plugins/maven-model-builder-3.0.4.jar
7f0a98081000-7f0a98083000 r--s 00026000 08:06 5114308                    /home/sudhanshu/Downloads/android-studio/gradle/gradle-4.1/lib/plugins/maven-model-3.0.4.jar
7f0a98083000-7f0a98085000 r--s 0000b000 08:06 5114303                    /home/sudhanshu/Downloads/android-studio/gradle/gradle-4.1/lib/plugins/maven-artifact-3.0.4.jar
7f0a98085000-7f0a98087000 r--s 00006000 08:06 5114316                    /home/sudhanshu/Downloads/android-studio/gradle/gradle-4.1/lib/plugins/maven-repository-metadata-3.0.4.jar
7f0a98087000-7f0a98089000 r--s 0000b000 08:06 5114329                    /home/sudhanshu/Downloads/android-studio/gradle/gradle-4.1/lib/plugins/maven-plugin-api-3.0.4.jar
7f0a98089000-7f0a9808b000 r--s 0000c000 08:06 5114380                    /home/sudhanshu/Downloads/android-studio/gradle/gradle-4.1/lib/plugins/maven-aether-provider-3.0.4.jar
7f0a9808b000-7f0a9808c000 r--s 00002000 08:06 5114320                    /home/sudhanshu/Downloads/android-studio/gradle/gradle-4.1/lib/plugins/wagon-file-2.4.jar
7f0a9808c000-7f0a9808d000 r--s 00002000 08:06 5114376                    /home/sudhanshu/Downloads/android-studio/gradle/gradle-4.1/lib/plugins/wagon-http-2.4.jar
7f0a9808d000-7f0a9808f000 r--s 0000b000 08:06 5114321                    /home/sudhanshu/Downloads/android-studio/gradle/gradle-4.1/lib/plugins/wagon-provider-api-2.4.jar
7f0a9808f000-7f0a98090000 r--s 00007000 08:06 5114365                    /home/sudhanshu/Downloads/android-studio/gradle/gradle-4.1/lib/plugins/wagon-http-shared4-2.4.jar
7f0a98090000-7f0a98093000 r--s 00013000 08:06 5114361                    /home/sudhanshu/Downloads/android-studio/gradle/gradle-4.1/lib/plugins/aether-api-1.13.1.jar
7f0a98093000-7f0a98096000 r--s 0001d000 08:06 5114328                    /home/sudhanshu/Downloads/android-studio/gradle/gradle-4.1/lib/plugins/aether-impl-1.13.1.jar
7f0a98096000-7f0a98097000 r--s 00003000 08:06 5114341                    /home/sudhanshu/Downloads/android-studio/gradle/gradle-4.1/lib/plugins/aether-spi-1.13.1.jar
7f0a98097000-7f0a9809b000 r--s 0001c000 08:06 5114300                    /home/sudhanshu/Downloads/android-studio/gradle/gradle-4.1/lib/plugins/aether-util-1.13.1.jar
7f0a9809b000-7f0a9809d000 r--s 00006000 08:06 5114344                    /home/sudhanshu/Downloads/android-studio/gradle/gradle-4.1/lib/plugins/aether-connector-wagon-1.13.1.jar
7f0a9809d000-7f0a980a9000 r--s 0007d000 08:06 5114307                    /home/sudhanshu/Downloads/android-studio/gradle/gradle-4.1/lib/plugins/maven-core-3.0.4.jar
7f0a980a9000-7f0a980ae000 r--s 00034000 08:06 5114310                    /home/sudhanshu/Downloads/android-studio/gradle/gradle-4.1/lib/plugins/gson-2.7.jar
7f0a980ae000-7f0a980b3000 r--s 00040000 08:06 5114372                    /home/sudhanshu/Downloads/android-studio/gradle/gradle-4.1/lib/plugins/jsch-0.1.54.jar
7f0a980b3000-7f0a980c2000 r--s 000d9000 08:06 5114299                    /home/sudhanshu/Downloads/android-studio/gradle/gradle-4.1/lib/plugins/ivy-2.2.0.jar
7f0a980c2000-7f0a980e6000 r--s 0011a000 08:06 5114340                    /home/sudhanshu/Downloads/android-studio/gradle/gradle-4.1/lib/plugins/gradle-dependency-management-4.1.jar
7f0a980e6000-7f0a980e9000 r--s 0000d000 08:06 5114313                    /home/sudhanshu/Downloads/android-studio/gradle/gradle-4.1/lib/plugins/gradle-workers-4.1.jar
7f0a980e9000-7f0a980ea000 r--s 00006000 08:06 5114410                    /home/sudhanshu/Downloads/android-studio/gradle/gradle-4.1/lib/gradle-wrapper-4.1.jar
7f0a980ea000-7f0a980f7000 r--s 00043000 08:06 5114253                    /home/sudhanshu/Downloads/android-studio/gradle/gradle-4.1/lib/gradle-tooling-api-4.1.jar
7f0a980f7000-7f0a98106000 r--s 000c8000 08:06 5114277                    /home/sudhanshu/Downloads/android-studio/gradle/gradle-4.1/lib/kotlin-stdlib-1.1.3-2.jar
7f0a98106000-7f0a98138000 r--s 0021b000 08:06 5114383                    /home/sudhanshu/Downloads/android-studio/gradle/gradle-4.1/lib/kotlin-reflect-1.1.3-2.jar
7f0a98138000-7f0a98139000 r--s 00000000 08:06 5114276                    /home/sudhanshu/Downloads/android-studio/gradle/gradle-4.1/lib/gradle-kotlin-dsl-tooling-models-0.10.3.jar
7f0a98139000-7f0a9813a000 r--s 00001000 08:06 5114251                    /home/sudhanshu/Downloads/android-studio/gradle/gradle-4.1/lib/gradle-kotlin-dsl-compiler-plugin-0.10.3.jar
7f0a9813a000-7f0a9813c000 r--s 00003000 08:06 5114263                    /home/sudhanshu/Downloads/android-studio/gradle/gradle-4.1/lib/annotations-13.0.jar
7f0a9813c000-7f0a98146000 r--s 00073000 08:06 5114395                    /home/sudhanshu/Downloads/android-studio/gradle/gradle-4.1/lib/gradle-kotlin-dsl-0.10.3.jar
7f0a98146000-7f0a9814b000 r--s 00013000 08:06 5114411                    /home/sudhanshu/Downloads/android-studio/gradle/gradle-4.1/lib/gradle-resources-4.1.jar
7f0a9814b000-7f0a9814d000 r--s 00005000 08:06 5114398                    /home/sudhanshu/Downloads/android-studio/gradle/gradle-4.1/lib/gradle-cli-4.1.jar
7f0a9814d000-7f0a9814f000 r--s 00003000 08:06 5114384                    /home/sudhanshu/Downloads/android-studio/gradle/gradle-4.1/lib/jcl-over-slf4j-1.7.10.jar
7f0a9814f000-7f0a98150000 r--s 00005000 08:06 5114405                    /home/sudhanshu/Downloads/android-studio/gradle/gradle-4.1/lib/log4j-over-slf4j-1.7.10.jar
7f0a98150000-7f0a98152000 r--s 00000000 08:06 5114387                    /home/sudhanshu/Downloads/android-studio/gradle/gradle-4.1/lib/jul-to-slf4j-1.7.10.jar
7f0a98152000-7f0a98159000 r--s 0002c000 08:06 5114385                    /home/sudhanshu/Downloads/android-studio/gradle/gradle-4.1/lib/gradle-logging-4.1.jar
7f0a98159000-7f0a98169000 r--s 00082000 08:06 5114266                    /home/sudhanshu/Downloads/android-studio/gradle/gradle-4.1/lib/gradle-model-core-4.1.jar
7f0a98169000-7f0a9816b000 r--s 00006000 08:06 5114257                    /home/sudhanshu/Downloads/android-studio/gradle/gradle-4.1/lib/gradle-base-services-groovy-4.1.jar
7f0a9816b000-7f0a9816d000 r--s 00007000 08:06 5114388                    /home/sudhanshu/Downloads/android-studio/gradle/gradle-4.1/lib/gradle-model-groovy-4.1.jar
7f0a9816d000-7f0a9816e000 r--s 00002000 08:06 5114250                    /home/sudhanshu/Downloads/android-studio/gradle/gradle-4.1/lib/gradle-docs-4.1.jar
7f0a9816e000-7f0a9817b000 r--s 00083000 08:06 5114386                    /home/sudhanshu/Downloads/android-studio/gradle/gradle-4.1/lib/commons-collections-3.2.2.jar
7f0a9817b000-7f0a9817c000 r--s 00000000 08:06 5114256                    /home/sudhanshu/Downloads/android-studio/gradle/gradle-4.1/lib/javax.inject-1.jar
7f0a9817c000-7f0a981ec000 r--s 00645000 08:06 5114272                    /home/sudhanshu/Downloads/android-studio/gradle/gradle-4.1/lib/groovy-all-2.4.11.jar
7f0a981ec000-7f0a981ef000 r--s 00023000 08:06 5114270                    /home/sudhanshu/Downloads/android-studio/gradle/gradle-4.1/lib/jansi-1.14.jar
7f0a981ef000-7f0a981f0000 r--s 00004000 08:06 5114267                    /home/sudhanshu/Downloads/android-studio/gradle/gradle-4.1/lib/native-platform-freebsd-amd64-libcpp-0.14.jar
7f0a981f0000-7f0a981f1000 r--s 00004000 08:06 5114394                    /home/sudhanshu/Downloads/android-studio/gradle/gradle-4.1/lib/native-platform-freebsd-amd64-libstdcpp-0.14.jar
7f0a981f1000-7f0a981f2000 r--s 00004000 08:06 5114254                    /home/sudhanshu/Downloads/android-studio/gradle/gradle-4.1/lib/native-platform-freebsd-i386-libcpp-0.14.jar
7f0a981f2000-7f0a981f3000 r--s 00003000 08:06 5114268                    /home/sudhanshu/Downloads/android-studio/gradle/gradle-4.1/lib/native-platform-freebsd-i386-libstdcpp-0.14.jar
7f0a981f3000-7f0a981f4000 r--s 00002000 08:06 5114389                    /home/sudhanshu/Downloads/android-studio/gradle/gradle-4.1/lib/native-platform-linux-amd64-0.14.jar
7f0a981f4000-7f0a981f5000 r--s 00002000 08:06 5114381                    /home/sudhanshu/Downloads/android-studio/gradle/gradle-4.1/lib/native-platform-linux-i386-0.14.jar
7f0a981f5000-7f0a9821d000 r--s 001cf000 08:06 5114269                    /home/sudhanshu/Downloads/android-studio/gradle/gradle-4.1/lib/guava-jdk5-17.0.jar
7f0a9821d000-7f0a9821e000 ---p 00000000 00:00 0 
7f0a9821e000-7f0a9831e000 rw-p 00000000 00:00 0 
7f0a9831e000-7f0a98321000 ---p 00000000 00:00 0 
7f0a98321000-7f0a9841f000 rw-p 00000000 00:00 0 
7f0a9841f000-7f0a98422000 ---p 00000000 00:00 0 
7f0a98422000-7f0a98520000 rw-p 00000000 00:00 0 
7f0a98520000-7f0a98523000 ---p 00000000 00:00 0 
7f0a98523000-7f0a98621000 rw-p 00000000 00:00 0 
7f0a98621000-7f0a98624000 ---p 00000000 00:00 0 
7f0a98624000-7f0a98722000 rw-p 00000000 00:00 0 
7f0a98722000-7f0a98725000 ---p 00000000 00:00 0 
7f0a98725000-7f0a98823000 rw-p 00000000 00:00 0 
7f0a98823000-7f0a98afb000 r--p 00000000 08:06 2762471                    /usr/lib/locale/locale-archive
7f0a98afb000-7f0a98afe000 ---p 00000000 00:00 0 
7f0a98afe000-7f0a98bfc000 rw-p 00000000 00:00 0 
7f0a98bfc000-7f0a98bff000 ---p 00000000 00:00 0 
7f0a98bff000-7f0a98cfd000 rw-p 00000000 00:00 0 
7f0a98cfd000-7f0a98cfe000 ---p 00000000 00:00 0 
7f0a98cfe000-7f0a9c000000 rw-p 00000000 00:00 0 
7f0a9c000000-7f0a9c063000 rw-p 00000000 00:00 0 
7f0a9c063000-7f0aa0000000 ---p 00000000 00:00 0 
7f0aa0000000-7f0aa0002000 r--s 00002000 08:06 5114404                    /home/sudhanshu/Downloads/android-studio/gradle/gradle-4.1/lib/native-platform-osx-amd64-0.14.jar
7f0aa0002000-7f0aa0003000 r--s 00003000 08:06 5114260                    /home/sudhanshu/Downloads/android-studio/gradle/gradle-4.1/lib/native-platform-osx-i386-0.14.jar
7f0aa0003000-7f0aa0005000 r--s 0000b000 08:06 5114259                    /home/sudhanshu/Downloads/android-studio/gradle/gradle-4.1/lib/native-platform-windows-amd64-0.14.jar
7f0aa0005000-7f0aa0006000 r--s 0000b000 08:06 5114412                    /home/sudhanshu/Downloads/android-studio/gradle/gradle-4.1/lib/native-platform-windows-i386-0.14.jar
7f0aa0006000-7f0aa0007000 r--s 00001000 08:06 5114407                    /home/sudhanshu/Downloads/android-studio/gradle/gradle-4.1/lib/native-platform-linux-amd64-ncurses5-0.14.jar
7f0aa0007000-7f0aa0008000 r--s 00001000 08:06 5114382                    /home/sudhanshu/Downloads/android-studio/gradle/gradle-4.1/lib/native-platform-linux-amd64-ncurses6-0.14.jar
7f0aa0008000-7f0aa0009000 r--s 00001000 08:06 5114403                    /home/sudhanshu/Downloads/android-studio/gradle/gradle-4.1/lib/native-platform-linux-i386-ncurses5-0.14.jar
7f0aa0009000-7f0aa0028000 r--s 001d1000 08:06 5114392                    /home/sudhanshu/Downloads/android-studio/gradle/gradle-4.1/lib/ant-1.9.6.jar
7f0aa0028000-7f0aa0072000 r--s 00253000 08:06 5114396                    /home/sudhanshu/Downloads/android-studio/gradle/gradle-4.1/lib/gradle-core-4.1.jar
7f0aa0072000-7f0aa0e30000 rw-p 00000000 00:00 0 
7f0aa0e30000-7f0aa1000000 r--s 03c46000 08:06 5117164                    /home/sudhanshu/Downloads/android-studio/jre/jre/lib/rt.jar
7f0aa1000000-7f0aa3950000 rwxp 00000000 00:00 0 
7f0aa3950000-7f0ab0000000 ---p 00000000 00:00 0 
7f0ab0000000-7f0ab0cac000 rw-p 00000000 00:00 0 
7f0ab0cac000-7f0ab4000000 ---p 00000000 00:00 0 
7f0ab4000000-7f0ab4004000 r--s 00012000 08:06 5114255                    /home/sudhanshu/Downloads/android-studio/gradle/gradle-4.1/lib/native-platform-0.14.jar
7f0ab4004000-7f0ab4007000 r--s 0000c000 08:06 5114408                    /home/sudhanshu/Downloads/android-studio/gradle/gradle-4.1/lib/gradle-native-4.1.jar
7f0ab4007000-7f0ab4009000 r--s 0000f000 08:06 5114401                    /home/sudhanshu/Downloads/android-studio/gradle/gradle-4.1/lib/reflectasm-1.07-shaded.jar
7f0ab4009000-7f0ab400b000 r--s 00000000 08:06 5114261                    /home/sudhanshu/Downloads/android-studio/gradle/gradle-4.1/lib/minlog-1.2.jar
7f0ab400b000-7f0ab400d000 r--s 00007000 08:06 5114400                    /home/sudhanshu/Downloads/android-studio/gradle/gradle-4.1/lib/objenesis-1.2.jar
7f0ab400d000-7f0ab4011000 r--s 00026000 08:06 5114273                    /home/sudhanshu/Downloads/android-studio/gradle/gradle-4.1/lib/kryo-2.20.jar
7f0ab4011000-7f0ab4017000 r--s 0002b000 08:06 5114391                    /home/sudhanshu/Downloads/android-studio/gradle/gradle-4.1/lib/gradle-messaging-4.1.jar
7f0ab4017000-7f0ab4019000 r--s 00006000 08:06 5114406                    /home/sudhanshu/Downloads/android-studio/gradle/gradle-4.1/lib/gradle-process-services-4.1.jar
7f0ab4019000-7f0ab401e000 r--s 00041000 08:06 5114275                    /home/sudhanshu/Downloads/android-studio/gradle/gradle-4.1/lib/commons-lang-2.6.jar
7f0ab401e000-7f0ab4bb5000 rw-p 00000000 00:00 0 
7f0ab4bb5000-7f0ab4bb6000 ---p 00000000 00:00 0 
7f0ab4bb6000-7f0ab4cb6000 rw-p 00000000 00:00 0 
7f0ab4cb6000-7f0ab4cb7000 ---p 00000000 00:00 0 
7f0ab4cb7000-7f0ab4db7000 rw-p 00000000 00:00 0 
7f0ab4db7000-7f0ab4db8000 ---p 00000000 00:00 0 
7f0ab4db8000-7f0ab4eb8000 rw-p 00000000 00:00 0 
7f0ab4eb8000-7f0ab4eb9000 ---p 00000000 00:00 0 
7f0ab4eb9000-7f0ab4ff0000 rw-p 00000000 00:00 0 
7f0ab4ff0000-7f0ab51b9000 ---p 00000000 00:00 0 
7f0ab51b9000-7f0ab51f0000 rw-p 00000000 00:00 0 
7f0ab51f0000-7f0ab53b9000 ---p 00000000 00:00 0 
7f0ab53b9000-7f0ab5494000 rw-p 00000000 00:00 0 
7f0ab5494000-7f0ab54b9000 ---p 00000000 00:00 0 
7f0ab54b9000-7f0ab5560000 rw-p 00000000 00:00 0 
7f0ab5560000-7f0ab587a000 ---p 00000000 00:00 0 
7f0ab587a000-7f0ab5894000 r-xp 00000000 08:06 5117186                    /home/sudhanshu/Downloads/android-studio/jre/jre/lib/amd64/libzip.so
7f0ab5894000-7f0ab5a94000 ---p 0001a000 08:06 5117186                    /home/sudhanshu/Downloads/android-studio/jre/jre/lib/amd64/libzip.so
7f0ab5a94000-7f0ab5a95000 r--p 0001a000 08:06 5117186                    /home/sudhanshu/Downloads/android-studio/jre/jre/lib/amd64/libzip.so
7f0ab5a95000-7f0ab5a96000 rw-p 0001b000 08:06 5117186                    /home/sudhanshu/Downloads/android-studio/jre/jre/lib/amd64/libzip.so
7f0ab5a96000-7f0ab5aa1000 r-xp 00000000 08:06 4850500                    /lib/x86_64-linux-gnu/libnss_files-2.23.so
7f0ab5aa1000-7f0ab5ca0000 ---p 0000b000 08:06 4850500                    /lib/x86_64-linux-gnu/libnss_files-2.23.so
7f0ab5ca0000-7f0ab5ca1000 r--p 0000a000 08:06 4850500                    /lib/x86_64-linux-gnu/libnss_files-2.23.so
7f0ab5ca1000-7f0ab5ca2000 rw-p 0000b000 08:06 4850500                    /lib/x86_64-linux-gnu/libnss_files-2.23.so
7f0ab5ca2000-7f0ab5ca8000 rw-p 00000000 00:00 0 
7f0ab5ca8000-7f0ab5cb3000 r-xp 00000000 08:06 4850504                    /lib/x86_64-linux-gnu/libnss_nis-2.23.so
7f0ab5cb3000-7f0ab5eb2000 ---p 0000b000 08:06 4850504                    /lib/x86_64-linux-gnu/libnss_nis-2.23.so
7f0ab5eb2000-7f0ab5eb3000 r--p 0000a000 08:06 4850504                    /lib/x86_64-linux-gnu/libnss_nis-2.23.so
7f0ab5eb3000-7f0ab5eb4000 rw-p 0000b000 08:06 4850504                    /lib/x86_64-linux-gnu/libnss_nis-2.23.so
7f0ab5eb4000-7f0ab5eca000 r-xp 00000000 08:06 4850484                    /lib/x86_64-linux-gnu/libnsl-2.23.so
7f0ab5eca000-7f0ab60c9000 ---p 00016000 08:06 4850484                    /lib/x86_64-linux-gnu/libnsl-2.23.so
7f0ab60c9000-7f0ab60ca000 r--p 00015000 08:06 4850484                    /lib/x86_64-linux-gnu/libnsl-2.23.so
7f0ab60ca000-7f0ab60cb000 rw-p 00016000 08:06 4850484                    /lib/x86_64-linux-gnu/libnsl-2.23.so
7f0ab60cb000-7f0ab60cd000 rw-p 00000000 00:00 0 
7f0ab60cd000-7f0ab60d5000 r-xp 00000000 08:06 4850495                    /lib/x86_64-linux-gnu/libnss_compat-2.23.so
7f0ab60d5000-7f0ab62d4000 ---p 00008000 08:06 4850495                    /lib/x86_64-linux-gnu/libnss_compat-2.23.so
7f0ab62d4000-7f0ab62d5000 r--p 00007000 08:06 4850495                    /lib/x86_64-linux-gnu/libnss_compat-2.23.so
7f0ab62d5000-7f0ab62d6000 rw-p 00008000 08:06 4850495                    /lib/x86_64-linux-gnu/libnss_compat-2.23.so
7f0ab62d6000-7f0ab6303000 r-xp 00000000 08:06 5117185                    /home/sudhanshu/Downloads/android-studio/jre/jre/lib/amd64/libjava.so
7f0ab6303000-7f0ab6502000 ---p 0002d000 08:06 5117185                    /home/sudhanshu/Downloads/android-studio/jre/jre/lib/amd64/libjava.so
7f0ab6502000-7f0ab6503000 r--p 0002c000 08:06 5117185                    /home/sudhanshu/Downloads/android-studio/jre/jre/lib/amd64/libjava.so
7f0ab6503000-7f0ab6505000 rw-p 0002d000 08:06 5117185                    /home/sudhanshu/Downloads/android-studio/jre/jre/lib/amd64/libjava.so
7f0ab6505000-7f0ab6515000 r-xp 00000000 08:06 5117194                    /home/sudhanshu/Downloads/android-studio/jre/jre/lib/amd64/libverify.so
7f0ab6515000-7f0ab6714000 ---p 00010000 08:06 5117194                    /home/sudhanshu/Downloads/android-studio/jre/jre/lib/amd64/libverify.so
7f0ab6714000-7f0ab6716000 r--p 0000f000 08:06 5117194                    /home/sudhanshu/Downloads/android-studio/jre/jre/lib/amd64/libverify.so
7f0ab6716000-7f0ab6717000 rw-p 00011000 08:06 5117194                    /home/sudhanshu/Downloads/android-studio/jre/jre/lib/amd64/libverify.so
7f0ab6717000-7f0ab671e000 r-xp 00000000 08:06 4850505                    /lib/x86_64-linux-gnu/librt-2.23.so
7f0ab671e000-7f0ab691d000 ---p 00007000 08:06 4850505                    /lib/x86_64-linux-gnu/librt-2.23.so
7f0ab691d000-7f0ab691e000 r--p 00006000 08:06 4850505                    /lib/x86_64-linux-gnu/librt-2.23.so
7f0ab691e000-7f0ab691f000 rw-p 00007000 08:06 4850505                    /lib/x86_64-linux-gnu/librt-2.23.so
7f0ab691f000-7f0ab6a27000 r-xp 00000000 08:06 4850482                    /lib/x86_64-linux-gnu/libm-2.23.so
7f0ab6a27000-7f0ab6c26000 ---p 00108000 08:06 4850482                    /lib/x86_64-linux-gnu/libm-2.23.so
7f0ab6c26000-7f0ab6c27000 r--p 00107000 08:06 4850482                    /lib/x86_64-linux-gnu/libm-2.23.so
7f0ab6c27000-7f0ab6c28000 rw-p 00108000 08:06 4850482                    /lib/x86_64-linux-gnu/libm-2.23.so
7f0ab6c28000-7f0ab7820000 r-xp 00000000 08:06 5117202                    /home/sudhanshu/Downloads/android-studio/jre/jre/lib/amd64/server/libjvm.so
7f0ab7820000-7f0ab7a20000 ---p 00bf8000 08:06 5117202                    /home/sudhanshu/Downloads/android-studio/jre/jre/lib/amd64/server/libjvm.so
7f0ab7a20000-7f0ab7abf000 r--p 00bf8000 08:06 5117202                    /home/sudhanshu/Downloads/android-studio/jre/jre/lib/amd64/server/libjvm.so
7f0ab7abf000-7f0ab7ae8000 rw-p 00c97000 08:06 5117202                    /home/sudhanshu/Downloads/android-studio/jre/jre/lib/amd64/server/libjvm.so
7f0ab7ae8000-7f0ab7b2c000 rw-p 00000000 00:00 0 
7f0ab7b2c000-7f0ab7b44000 r-xp 00000000 08:06 4850486                    /lib/x86_64-linux-gnu/libpthread-2.23.so
7f0ab7b44000-7f0ab7d43000 ---p 00018000 08:06 4850486                    /lib/x86_64-linux-gnu/libpthread-2.23.so
7f0ab7d43000-7f0ab7d44000 r--p 00017000 08:06 4850486                    /lib/x86_64-linux-gnu/libpthread-2.23.so
7f0ab7d44000-7f0ab7d45000 rw-p 00018000 08:06 4850486                    /lib/x86_64-linux-gnu/libpthread-2.23.so
7f0ab7d45000-7f0ab7d49000 rw-p 00000000 00:00 0 
7f0ab7d49000-7f0ab7d4c000 r-xp 00000000 08:06 4850489                    /lib/x86_64-linux-gnu/libdl-2.23.so
7f0ab7d4c000-7f0ab7f4b000 ---p 00003000 08:06 4850489                    /lib/x86_64-linux-gnu/libdl-2.23.so
7f0ab7f4b000-7f0ab7f4c000 r--p 00002000 08:06 4850489                    /lib/x86_64-linux-gnu/libdl-2.23.so
7f0ab7f4c000-7f0ab7f4d000 rw-p 00003000 08:06 4850489                    /lib/x86_64-linux-gnu/libdl-2.23.so
7f0ab7f4d000-7f0ab810d000 r-xp 00000000 08:06 4850487                    /lib/x86_64-linux-gnu/libc-2.23.so
7f0ab810d000-7f0ab830d000 ---p 001c0000 08:06 4850487                    /lib/x86_64-linux-gnu/libc-2.23.so
7f0ab830d000-7f0ab8311000 r--p 001c0000 08:06 4850487                    /lib/x86_64-linux-gnu/libc-2.23.so
7f0ab8311000-7f0ab8313000 rw-p 001c4000 08:06 4850487                    /lib/x86_64-linux-gnu/libc-2.23.so
7f0ab8313000-7f0ab8317000 rw-p 00000000 00:00 0 
7f0ab8317000-7f0ab832d000 r-xp 00000000 08:06 5117129                    /home/sudhanshu/Downloads/android-studio/jre/lib/amd64/jli/libjli.so
7f0ab832d000-7f0ab852c000 ---p 00016000 08:06 5117129                    /home/sudhanshu/Downloads/android-studio/jre/lib/amd64/jli/libjli.so
7f0ab852c000-7f0ab852d000 r--p 00015000 08:06 5117129                    /home/sudhanshu/Downloads/android-studio/jre/lib/amd64/jli/libjli.so
7f0ab852d000-7f0ab852e000 rw-p 00016000 08:06 5117129                    /home/sudhanshu/Downloads/android-studio/jre/lib/amd64/jli/libjli.so
7f0ab852e000-7f0ab8554000 r-xp 00000000 08:06 4850485                    /lib/x86_64-linux-gnu/ld-2.23.so
7f0ab8554000-7f0ab8555000 r--s 00001000 08:06 5114252                    /home/sudhanshu/Downloads/android-studio/gradle/gradle-4.1/lib/native-platform-linux-i386-ncurses6-0.14.jar
7f0ab8555000-7f0ab8557000 r--s 00000000 08:06 5114271                    /home/sudhanshu/Downloads/android-studio/gradle/gradle-4.1/lib/gradle-jvm-services-4.1.jar
7f0ab8557000-7f0ab8558000 r--s 00000000 08:06 5114249                    /home/sudhanshu/Downloads/android-studio/gradle/gradle-4.1/lib/jcip-annotations-1.0.jar
7f0ab8558000-7f0ab855b000 r--s 00006000 08:06 5114265                    /home/sudhanshu/Downloads/android-studio/gradle/gradle-4.1/lib/jsr305-1.3.9.jar
7f0ab855b000-7f0ab8563000 r--s 000bd000 08:06 5114264                    /home/sudhanshu/Downloads/android-studio/gradle/gradle-4.1/lib/asm-debug-all-6.0_ALPHA.jar
7f0ab8563000-7f0ab856f000 r--s 00053000 08:06 5114274                    /home/sudhanshu/Downloads/android-studio/gradle/gradle-4.1/lib/gradle-base-services-4.1.jar
7f0ab856f000-7f0ab8631000 rw-p 00000000 00:00 0 
7f0ab8631000-7f0ab8634000 ---p 00000000 00:00 0 
7f0ab8634000-7f0ab8736000 rw-p 00000000 00:00 0 
7f0ab8736000-7f0ab8737000 r--s 00007000 08:06 5114399                    /home/sudhanshu/Downloads/android-studio/gradle/gradle-4.1/lib/slf4j-api-1.7.10.jar
7f0ab8737000-7f0ab873b000 r--s 00027000 08:06 5114397                    /home/sudhanshu/Downloads/android-studio/gradle/gradle-4.1/lib/commons-io-2.2.jar
7f0ab873b000-7f0ab873c000 r--s 00004000 08:06 5114390                    /home/sudhanshu/Downloads/android-studio/gradle/gradle-4.1/lib/ant-launcher-1.9.6.jar
7f0ab873c000-7f0ab8748000 r--s 0005c000 08:06 5114258                    /home/sudhanshu/Downloads/android-studio/gradle/gradle-4.1/lib/gradle-launcher-4.1.jar
7f0ab8748000-7f0ab8750000 rw-s 00000000 08:06 2889388                    /tmp/hsperfdata_sudhanshu/4762
7f0ab8750000-7f0ab8751000 rw-p 00000000 00:00 0 
7f0ab8751000-7f0ab8752000 ---p 00000000 00:00 0 
7f0ab8752000-7f0ab8753000 rw-p 00000000 00:00 0 
7f0ab8753000-7f0ab8754000 r--p 00025000 08:06 4850485                    /lib/x86_64-linux-gnu/ld-2.23.so
7f0ab8754000-7f0ab8755000 rw-p 00026000 08:06 4850485                    /lib/x86_64-linux-gnu/ld-2.23.so
7f0ab8755000-7f0ab8756000 rw-p 00000000 00:00 0 
7fff72287000-7fff722a8000 rw-p 00000000 00:00 0                          [stack]
7fff723eb000-7fff723ee000 r--p 00000000 00:00 0                          [vvar]
7fff723ee000-7fff723f0000 r-xp 00000000 00:00 0                          [vdso]
ffffffffff600000-ffffffffff601000 r-xp 00000000 00:00 0                  [vsyscall]

VM Arguments:
jvm_args: -Xmx1536m -Dfile.encoding=UTF-8 -Duser.country=IN -Duser.language=en -Duser.variant 
java_command: org.gradle.launcher.daemon.bootstrap.GradleDaemon 4.1
java_class_path (initial): /home/sudhanshu/Downloads/android-studio/gradle/gradle-4.1/lib/gradle-launcher-4.1.jar
Launcher Type: SUN_STANDARD

Environment Variables:
JAVA_HOME=/usr/lib/jvm/java-8-oracle
PATH=/home/sudhanshu/bin:/home/sudhanshu/.local/bin:/usr/local/sbin:/usr/local/bin:/usr/sbin:/usr/bin:/sbin:/bin:/usr/games:/usr/local/games:/snap/bin:/usr/lib/jvm/java-8-oracle/bin:/usr/lib/jvm/java-8-oracle/db/bin:/usr/lib/jvm/java-8-oracle/jre/bin
LD_LIBRARY_PATH=.:
SHELL=/bin/bash
DISPLAY=:0

Signal Handlers:
SIGSEGV: [libjvm.so+0x9ebc60], sa_mask[0]=11111111011111111101111111111110, sa_flags=SA_RESTART|SA_SIGINFO
SIGBUS: [libjvm.so+0x9ebc60], sa_mask[0]=11111111011111111101111111111110, sa_flags=SA_RESTART|SA_SIGINFO
SIGFPE: [libjvm.so+0x84cf60], sa_mask[0]=11111111011111111101111111111110, sa_flags=SA_RESTART|SA_SIGINFO
SIGPIPE: [libjvm.so+0x84cf60], sa_mask[0]=11111111011111111101111111111110, sa_flags=SA_RESTART|SA_SIGINFO
SIGXFSZ: [libjvm.so+0x84cf60], sa_mask[0]=11111111011111111101111111111110, sa_flags=SA_RESTART|SA_SIGINFO
SIGILL: [libjvm.so+0x84cf60], sa_mask[0]=11111111011111111101111111111110, sa_flags=SA_RESTART|SA_SIGINFO
SIGUSR1: SIG_DFL, sa_mask[0]=00000000000000000000000000000000, sa_flags=none
SIGUSR2: [libjvm.so+0x84ce30], sa_mask[0]=00100000000000000000000000000000, sa_flags=SA_RESTART|SA_SIGINFO
SIGHUP: [libjvm.so+0x84d020], sa_mask[0]=11111111011111111101111111111110, sa_flags=SA_RESTART|SA_SIGINFO
SIGINT: [libjvm.so+0x84d020], sa_mask[0]=11111111011111111101111111111110, sa_flags=SA_RESTART|SA_SIGINFO
SIGTERM: [libjvm.so+0x84d020], sa_mask[0]=11111111011111111101111111111110, sa_flags=SA_RESTART|SA_SIGINFO
SIGQUIT: [libjvm.so+0x84d020], sa_mask[0]=11111111011111111101111111111110, sa_flags=SA_RESTART|SA_SIGINFO


---------------  S Y S T E M  ---------------

OS:DISTRIB_ID=Ubuntu
DISTRIB_RELEASE=16.04
DISTRIB_CODENAME=xenial
DISTRIB_DESCRIPTION="Ubuntu 16.04.4 LTS"

uname:Linux 4.4.0-116-generic #140-Ubuntu SMP Mon Feb 12 21:23:04 UTC 2018 x86_64
libc:glibc 2.23 NPTL 2.23 
rlimit: STACK 8192k, CORE 0k, NPROC 13314, NOFILE 1048576, AS infinity
load average:4.79 2.29 1.58

/proc/meminfo:
MemTotal:        3499772 kB
MemFree:          112764 kB
MemAvailable:      27092 kB
Buffers:             752 kB
Cached:           359744 kB
SwapCached:            0 kB
Active:          2847780 kB
Inactive:         342316 kB
Active(anon):    2832564 kB
Inactive(anon):   326992 kB
Active(file):      15216 kB
Inactive(file):    15324 kB
Unevictable:         224 kB
Mlocked:             224 kB
SwapTotal:             0 kB
SwapFree:              0 kB
Dirty:               104 kB
Writeback:             0 kB
AnonPages:       2830156 kB
Mapped:           353832 kB
Shmem:            329624 kB
Slab:              70072 kB
SReclaimable:      33280 kB
SUnreclaim:        36792 kB
KernelStack:       10320 kB
PageTables:        41516 kB
NFS_Unstable:          0 kB
Bounce:                0 kB
WritebackTmp:          0 kB
CommitLimit:     1749884 kB
Committed_AS:    7359412 kB
VmallocTotal:   34359738367 kB
VmallocUsed:           0 kB
VmallocChunk:          0 kB
HardwareCorrupted:     0 kB
AnonHugePages:   1267712 kB
CmaTotal:              0 kB
CmaFree:               0 kB
HugePages_Total:       0
HugePages_Free:        0
HugePages_Rsvd:        0
HugePages_Surp:        0
Hugepagesize:       2048 kB
DirectMap4k:      199232 kB
DirectMap2M:     3440640 kB
DirectMap1G:           0 kB


CPU:total 4 (initial active 4) (4 cores per cpu, 1 threads per core) family 22 model 0 stepping 1, cmov, cx8, fxsr, mmx, sse, sse2, sse3, ssse3, sse4.1, sse4.2, popcnt, avx, aes, clmul, mmxext, 3dnowpref, lzcnt, sse4a, tsc, tscinvbit, tscinv, bmi1

/proc/cpuinfo:
processor	: 0
vendor_id	: AuthenticAMD
cpu family	: 22
model		: 0
model name	: AMD A4-5000 APU with Radeon(TM) HD Graphics
stepping	: 1
microcode	: 0x700010f
cpu MHz		: 1500.000
cache size	: 2048 KB
physical id	: 0
siblings	: 4
core id		: 0
cpu cores	: 4
apicid		: 0
initial apicid	: 0
fpu		: yes
fpu_exception	: yes
cpuid level	: 13
wp		: yes
flags		: fpu vme de pse tsc msr pae mce cx8 apic sep mtrr pge mca cmov pat pse36 clflush mmx fxsr sse sse2 ht syscall nx mmxext fxsr_opt pdpe1gb rdtscp lm constant_tsc rep_good nopl nonstop_tsc extd_apicid aperfmperf eagerfpu pni pclmulqdq monitor ssse3 cx16 sse4_1 sse4_2 movbe popcnt aes xsave avx f16c lahf_lm cmp_legacy svm extapic cr8_legacy abm sse4a misalignsse 3dnowprefetch osvw ibs skinit wdt topoext perfctr_nb bpext perfctr_l2 hw_pstate proc_feedback retpoline retpoline_amd vmmcall bmi1 xsaveopt arat npt lbrv svm_lock nrip_save tsc_scale flushbyasid decodeassists pausefilter pfthreshold
bugs		: fxsave_leak sysret_ss_attrs spectre_v1 spectre_v2
bogomips	: 2994.27
TLB size	: 1024 4K pages
clflush size	: 64
cache_alignment	: 64
address sizes	: 40 bits physical, 48 bits virtual
power management: ts ttp tm 100mhzsteps hwpstate [11]

processor	: 1
vendor_id	: AuthenticAMD
cpu family	: 22
model		: 0
model name	: AMD A4-5000 APU with Radeon(TM) HD Graphics
stepping	: 1
microcode	: 0x700010f
cpu MHz		: 800.000
cache size	: 2048 KB
physical id	: 0
siblings	: 4
core id		: 1
cpu cores	: 4
apicid		: 1
initial apicid	: 1
fpu		: yes
fpu_exception	: yes
cpuid level	: 13
wp		: yes
flags		: fpu vme de pse tsc msr pae mce cx8 apic sep mtrr pge mca cmov pat pse36 clflush mmx fxsr sse sse2 ht syscall nx mmxext fxsr_opt pdpe1gb rdtscp lm constant_tsc rep_good nopl nonstop_tsc extd_apicid aperfmperf eagerfpu pni pclmulqdq monitor ssse3 cx16 sse4_1 sse4_2 movbe popcnt aes xsave avx f16c lahf_lm cmp_legacy svm extapic cr8_legacy abm sse4a misalignsse 3dnowprefetch osvw ibs skinit wdt topoext perfctr_nb bpext perfctr_l2 hw_pstate proc_feedback retpoline retpoline_amd vmmcall bmi1 xsaveopt arat npt lbrv svm_lock nrip_save tsc_scale flushbyasid decodeassists pausefilter pfthreshold
bugs		: fxsave_leak sysret_ss_attrs spectre_v1 spectre_v2
bogomips	: 2994.27
TLB size	: 1024 4K pages
clflush size	: 64
cache_alignment	: 64
address sizes	: 40 bits physical, 48 bits virtual
power management: ts ttp tm 100mhzsteps hwpstate [11]

processor	: 2
vendor_id	: AuthenticAMD
cpu family	: 22
model		: 0
model name	: AMD A4-5000 APU with Radeon(TM) HD Graphics
stepping	: 1
microcode	: 0x700010f
cpu MHz		: 800.000
cache size	: 2048 KB
physical id	: 0
siblings	: 4
core id		: 2
cpu cores	: 4
apicid		: 2
initial apicid	: 2
fpu		: yes
fpu_exception	: yes
cpuid level	: 13
wp		: yes
flags		: fpu vme de pse tsc msr pae mce cx8 apic sep mtrr pge mca cmov pat pse36 clflush mmx fxsr sse sse2 ht syscall nx mmxext fxsr_opt pdpe1gb rdtscp lm constant_tsc rep_good nopl nonstop_tsc extd_apicid aperfmperf eagerfpu pni pclmulqdq monitor ssse3 cx16 sse4_1 sse4_2 movbe popcnt aes xsave avx f16c lahf_lm cmp_legacy svm extapic cr8_legacy abm sse4a misalignsse 3dnowprefetch osvw ibs skinit wdt topoext perfctr_nb bpext perfctr_l2 hw_pstate proc_feedback retpoline retpoline_amd vmmcall bmi1 xsaveopt arat npt lbrv svm_lock nrip_save tsc_scale flushbyasid decodeassists pausefilter pfthreshold
bugs		: fxsave_leak sysret_ss_attrs spectre_v1 spectre_v2
bogomips	: 2994.27
TLB size	: 1024 4K pages
clflush size	: 64
cache_alignment	: 64
address sizes	: 40 bits physical, 48 bits virtual
power management: ts ttp tm 100mhzsteps hwpstate [11]

processor	: 3
vendor_id	: AuthenticAMD
cpu family	: 22
model		: 0
model name	: AMD A4-5000 APU with Radeon(TM) HD Graphics
stepping	: 1
microcode	: 0x700010f
cpu MHz		: 800.000
cache size	: 2048 KB
physical id	: 0
siblings	: 4
core id		: 3
cpu cores	: 4
apicid		: 3
initial apicid	: 3
fpu		: yes
fpu_exception	: yes
cpuid level	: 13
wp		: yes
flags		: fpu vme de pse tsc msr pae mce cx8 apic sep mtrr pge mca cmov pat pse36 clflush mmx fxsr sse sse2 ht syscall nx mmxext fxsr_opt pdpe1gb rdtscp lm constant_tsc rep_good nopl nonstop_tsc extd_apicid aperfmperf eagerfpu pni pclmulqdq monitor ssse3 cx16 sse4_1 sse4_2 movbe popcnt aes xsave avx f16c lahf_lm cmp_legacy svm extapic cr8_legacy abm sse4a misalignsse 3dnowprefetch osvw ibs skinit wdt topoext perfctr_nb bpext perfctr_l2 hw_pstate proc_feedback retpoline retpoline_amd vmmcall bmi1 xsaveopt arat npt lbrv svm_lock nrip_save tsc_scale flushbyasid decodeassists pausefilter pfthreshold
bugs		: fxsave_leak sysret_ss_attrs spectre_v1 spectre_v2
bogomips	: 2994.27
TLB size	: 1024 4K pages
clflush size	: 64
cache_alignment	: 64
address sizes	: 40 bits physical, 48 bits virtual
power management: ts ttp tm 100mhzsteps hwpstate [11]



Memory: 4k page, physical 3499772k(112764k free), swap 0k(0k free)

vm_info: OpenJDK 64-Bit Server VM (25.152-b01) for linux-amd64 JRE (1.8.0_152-release-915-b01), built by "builder" with gcc 4.8.4

time: Tue Mar 27 02:36:51 2018
elapsed time: 847 seconds (0d 0h 14m 7s)

